{"D:\\WorkSpace\\ws_Projetos\\MesaFacil\\MesaFacil\\backend\\src\\app.js": {"path":"D:\\WorkSpace\\ws_Projetos\\MesaFacil\\MesaFacil\\backend\\src\\app.js","statementMap":{"0":{"start":{"line":1,"column":16},"end":{"line":1,"column":34}},"1":{"start":{"line":2,"column":0},"end":{"line":2,"column":32}},"2":{"start":{"line":3,"column":13},"end":{"line":3,"column":28}},"3":{"start":{"line":4,"column":15},"end":{"line":4,"column":32}},"4":{"start":{"line":5,"column":15},"end":{"line":5,"column":34}},"5":{"start":{"line":6,"column":18},"end":{"line":6,"column":47}},"6":{"start":{"line":7,"column":21},"end":{"line":7,"column":45}},"7":{"start":{"line":9,"column":12},"end":{"line":9,"column":21}},"8":{"start":{"line":11,"column":0},"end":{"line":11,"column":18}},"9":{"start":{"line":12,"column":0},"end":{"line":12,"column":16}},"10":{"start":{"line":13,"column":0},"end":{"line":13,"column":44}},"11":{"start":{"line":14,"column":0},"end":{"line":14,"column":66}},"12":{"start":{"line":17,"column":23},"end":{"line":28,"column":1}},"13":{"start":{"line":29,"column":14},"end":{"line":29,"column":42}},"14":{"start":{"line":30,"column":0},"end":{"line":30,"column":62}},"15":{"start":{"line":32,"column":0},"end":{"line":32,"column":16}},"16":{"start":{"line":35,"column":0},"end":{"line":45,"column":3}},"17":{"start":{"line":36,"column":2},"end":{"line":36,"column":41}},"18":{"start":{"line":39,"column":17},"end":{"line":39,"column":56}},"19":{"start":{"line":42,"column":2},"end":{"line":44,"column":5}},"20":{"start":{"line":47,"column":0},"end":{"line":47,"column":21}}},"fnMap":{"0":{"name":"(anonymous_0)","decl":{"start":{"line":35,"column":8},"end":{"line":35,"column":9}},"loc":{"start":{"line":35,"column":44},"end":{"line":45,"column":1}},"line":35}},"branchMap":{"0":{"loc":{"start":{"line":39,"column":17},"end":{"line":39,"column":56}},"type":"binary-expr","locations":[{"start":{"line":39,"column":17},"end":{"line":39,"column":29}},{"start":{"line":39,"column":33},"end":{"line":39,"column":49}},{"start":{"line":39,"column":53},"end":{"line":39,"column":56}}],"line":39},"1":{"loc":{"start":{"line":43,"column":11},"end":{"line":43,"column":54}},"type":"binary-expr","locations":[{"start":{"line":43,"column":11},"end":{"line":43,"column":24}},{"start":{"line":43,"column":28},"end":{"line":43,"column":54}}],"line":43}},"s":{"0":5,"1":5,"2":5,"3":5,"4":5,"5":5,"6":5,"7":5,"8":5,"9":5,"10":5,"11":5,"12":5,"13":5,"14":5,"15":5,"16":5,"17":0,"18":0,"19":0,"20":5},"f":{"0":0},"b":{"0":[0,0,0],"1":[0,0]},"_coverageSchema":"1a1c01bbd47fc00a2c39e90264f33305004495a9","hash":"a2b820897839db28053996e3f7daa23e30c50eea"}
,"D:\\WorkSpace\\ws_Projetos\\MesaFacil\\MesaFacil\\backend\\src\\middlewares\\dishValidation.js": {"path":"D:\\WorkSpace\\ws_Projetos\\MesaFacil\\MesaFacil\\backend\\src\\middlewares\\dishValidation.js","statementMap":{"0":{"start":{"line":1,"column":42},"end":{"line":1,"column":70}},"1":{"start":{"line":4,"column":29},"end":{"line":46,"column":1}},"2":{"start":{"line":37,"column":6},"end":{"line":39,"column":7}},"3":{"start":{"line":38,"column":8},"end":{"line":38,"column":20}},"4":{"start":{"line":41,"column":23},"end":{"line":41,"column":39}},"5":{"start":{"line":42,"column":6},"end":{"line":42,"column":34}},"6":{"start":{"line":49,"column":29},"end":{"line":95,"column":1}},"7":{"start":{"line":86,"column":6},"end":{"line":88,"column":7}},"8":{"start":{"line":87,"column":8},"end":{"line":87,"column":20}},"9":{"start":{"line":90,"column":23},"end":{"line":90,"column":39}},"10":{"start":{"line":91,"column":6},"end":{"line":91,"column":34}},"11":{"start":{"line":98,"column":21},"end":{"line":102,"column":1}},"12":{"start":{"line":105,"column":31},"end":{"line":122,"column":1}},"13":{"start":{"line":106,"column":17},"end":{"line":106,"column":38}},"14":{"start":{"line":108,"column":2},"end":{"line":119,"column":3}},"15":{"start":{"line":109,"column":28},"end":{"line":113,"column":7}},"16":{"start":{"line":109,"column":57},"end":{"line":113,"column":5}},"17":{"start":{"line":115,"column":4},"end":{"line":118,"column":7}},"18":{"start":{"line":121,"column":2},"end":{"line":121,"column":9}},"19":{"start":{"line":124,"column":0},"end":{"line":129,"column":2}}},"fnMap":{"0":{"name":"(anonymous_0)","decl":{"start":{"line":36,"column":12},"end":{"line":36,"column":13}},"loc":{"start":{"line":36,"column":23},"end":{"line":43,"column":5}},"line":36},"1":{"name":"(anonymous_1)","decl":{"start":{"line":85,"column":12},"end":{"line":85,"column":13}},"loc":{"start":{"line":85,"column":23},"end":{"line":92,"column":5}},"line":85},"2":{"name":"(anonymous_2)","decl":{"start":{"line":105,"column":31},"end":{"line":105,"column":32}},"loc":{"start":{"line":105,"column":51},"end":{"line":122,"column":1}},"line":105},"3":{"name":"(anonymous_3)","decl":{"start":{"line":109,"column":47},"end":{"line":109,"column":48}},"loc":{"start":{"line":109,"column":57},"end":{"line":113,"column":5}},"line":109}},"branchMap":{"0":{"loc":{"start":{"line":37,"column":6},"end":{"line":39,"column":7}},"type":"if","locations":[{"start":{"line":37,"column":6},"end":{"line":39,"column":7}},{"start":{},"end":{}}],"line":37},"1":{"loc":{"start":{"line":37,"column":10},"end":{"line":37,"column":63}},"type":"binary-expr","locations":[{"start":{"line":37,"column":10},"end":{"line":37,"column":22}},{"start":{"line":37,"column":26},"end":{"line":37,"column":40}},{"start":{"line":37,"column":44},"end":{"line":37,"column":63}}],"line":37},"2":{"loc":{"start":{"line":86,"column":6},"end":{"line":88,"column":7}},"type":"if","locations":[{"start":{"line":86,"column":6},"end":{"line":88,"column":7}},{"start":{},"end":{}}],"line":86},"3":{"loc":{"start":{"line":86,"column":10},"end":{"line":86,"column":63}},"type":"binary-expr","locations":[{"start":{"line":86,"column":10},"end":{"line":86,"column":22}},{"start":{"line":86,"column":26},"end":{"line":86,"column":40}},{"start":{"line":86,"column":44},"end":{"line":86,"column":63}}],"line":86},"4":{"loc":{"start":{"line":108,"column":2},"end":{"line":119,"column":3}},"type":"if","locations":[{"start":{"line":108,"column":2},"end":{"line":119,"column":3}},{"start":{},"end":{}}],"line":108}},"s":{"0":6,"1":6,"2":17,"3":2,"4":15,"5":15,"6":6,"7":0,"8":0,"9":0,"10":0,"11":6,"12":6,"13":69,"14":69,"15":19,"16":28,"17":19,"18":50,"19":6},"f":{"0":17,"1":0,"2":69,"3":28},"b":{"0":[2,15],"1":[17,16,15],"2":[0,0],"3":[0,0,0],"4":[19,50]},"_coverageSchema":"1a1c01bbd47fc00a2c39e90264f33305004495a9","hash":"91751861a1c453f37f93180e2f9535780ad62fa9"}
,"D:\\WorkSpace\\ws_Projetos\\MesaFacil\\MesaFacil\\backend\\src\\middlewares\\validation.js": {"path":"D:\\WorkSpace\\ws_Projetos\\MesaFacil\\MesaFacil\\backend\\src\\middlewares\\validation.js","statementMap":{"0":{"start":{"line":1,"column":14},"end":{"line":1,"column":28}},"1":{"start":{"line":4,"column":25},"end":{"line":13,"column":2}},"2":{"start":{"line":9,"column":21},"end":{"line":9,"column":95}},"3":{"start":{"line":15,"column":25},"end":{"line":15,"column":51}},"4":{"start":{"line":18,"column":26},"end":{"line":31,"column":2}},"5":{"start":{"line":21,"column":21},"end":{"line":21,"column":91}},"6":{"start":{"line":33,"column":26},"end":{"line":43,"column":2}},"7":{"start":{"line":45,"column":32},"end":{"line":49,"column":2}},"8":{"start":{"line":47,"column":21},"end":{"line":47,"column":91}},"9":{"start":{"line":52,"column":23},"end":{"line":71,"column":1}},"10":{"start":{"line":53,"column":2},"end":{"line":70,"column":4}},"11":{"start":{"line":54,"column":4},"end":{"line":69,"column":5}},"12":{"start":{"line":55,"column":28},"end":{"line":55,"column":50}},"13":{"start":{"line":56,"column":6},"end":{"line":56,"column":31}},"14":{"start":{"line":57,"column":6},"end":{"line":57,"column":13}},"15":{"start":{"line":59,"column":6},"end":{"line":67,"column":7}},"16":{"start":{"line":60,"column":8},"end":{"line":66,"column":11}},"17":{"start":{"line":62,"column":52},"end":{"line":65,"column":11}},"18":{"start":{"line":68,"column":6},"end":{"line":68,"column":18}},"19":{"start":{"line":74,"column":21},"end":{"line":94,"column":1}},"20":{"start":{"line":75,"column":2},"end":{"line":93,"column":4}},"21":{"start":{"line":76,"column":23},"end":{"line":76,"column":78}},"22":{"start":{"line":78,"column":4},"end":{"line":92,"column":5}},"23":{"start":{"line":79,"column":6},"end":{"line":79,"column":46}},"24":{"start":{"line":80,"column":6},"end":{"line":80,"column":13}},"25":{"start":{"line":82,"column":6},"end":{"line":90,"column":7}},"26":{"start":{"line":83,"column":8},"end":{"line":89,"column":11}},"27":{"start":{"line":85,"column":52},"end":{"line":88,"column":11}},"28":{"start":{"line":91,"column":6},"end":{"line":91,"column":18}},"29":{"start":{"line":96,"column":0},"end":{"line":104,"column":2}}},"fnMap":{"0":{"name":"(anonymous_0)","decl":{"start":{"line":9,"column":14},"end":{"line":9,"column":15}},"loc":{"start":{"line":9,"column":21},"end":{"line":9,"column":95}},"line":9},"1":{"name":"(anonymous_1)","decl":{"start":{"line":21,"column":14},"end":{"line":21,"column":15}},"loc":{"start":{"line":21,"column":21},"end":{"line":21,"column":91}},"line":21},"2":{"name":"(anonymous_2)","decl":{"start":{"line":47,"column":14},"end":{"line":47,"column":15}},"loc":{"start":{"line":47,"column":21},"end":{"line":47,"column":91}},"line":47},"3":{"name":"(anonymous_3)","decl":{"start":{"line":52,"column":23},"end":{"line":52,"column":24}},"loc":{"start":{"line":52,"column":35},"end":{"line":71,"column":1}},"line":52},"4":{"name":"(anonymous_4)","decl":{"start":{"line":53,"column":9},"end":{"line":53,"column":10}},"loc":{"start":{"line":53,"column":29},"end":{"line":70,"column":3}},"line":53},"5":{"name":"(anonymous_5)","decl":{"start":{"line":62,"column":44},"end":{"line":62,"column":45}},"loc":{"start":{"line":62,"column":52},"end":{"line":65,"column":11}},"line":62},"6":{"name":"(anonymous_6)","decl":{"start":{"line":74,"column":21},"end":{"line":74,"column":22}},"loc":{"start":{"line":74,"column":43},"end":{"line":94,"column":1}},"line":74},"7":{"name":"(anonymous_7)","decl":{"start":{"line":75,"column":9},"end":{"line":75,"column":10}},"loc":{"start":{"line":75,"column":29},"end":{"line":93,"column":3}},"line":75},"8":{"name":"(anonymous_8)","decl":{"start":{"line":85,"column":44},"end":{"line":85,"column":45}},"loc":{"start":{"line":85,"column":52},"end":{"line":88,"column":11}},"line":85}},"branchMap":{"0":{"loc":{"start":{"line":59,"column":6},"end":{"line":67,"column":7}},"type":"if","locations":[{"start":{"line":59,"column":6},"end":{"line":67,"column":7}},{"start":{},"end":{}}],"line":59},"1":{"loc":{"start":{"line":62,"column":20},"end":{"line":62,"column":38}},"type":"binary-expr","locations":[{"start":{"line":62,"column":20},"end":{"line":62,"column":32}},{"start":{"line":62,"column":36},"end":{"line":62,"column":38}}],"line":62},"2":{"loc":{"start":{"line":74,"column":22},"end":{"line":74,"column":38}},"type":"default-arg","locations":[{"start":{"line":74,"column":34},"end":{"line":74,"column":38}}],"line":74},"3":{"loc":{"start":{"line":82,"column":6},"end":{"line":90,"column":7}},"type":"if","locations":[{"start":{"line":82,"column":6},"end":{"line":90,"column":7}},{"start":{},"end":{}}],"line":82},"4":{"loc":{"start":{"line":85,"column":20},"end":{"line":85,"column":38}},"type":"binary-expr","locations":[{"start":{"line":85,"column":20},"end":{"line":85,"column":32}},{"start":{"line":85,"column":36},"end":{"line":85,"column":38}}],"line":85}},"s":{"0":6,"1":6,"2":0,"3":6,"4":6,"5":0,"6":6,"7":6,"8":0,"9":6,"10":18,"11":27,"12":27,"13":20,"14":20,"15":7,"16":6,"17":8,"18":1,"19":6,"20":24,"21":33,"22":33,"23":33,"24":27,"25":6,"26":6,"27":6,"28":0,"29":6},"f":{"0":0,"1":0,"2":0,"3":18,"4":27,"5":8,"6":24,"7":33,"8":6},"b":{"0":[6,1],"1":[6,0],"2":[21],"3":[6,0],"4":[6,0]},"_coverageSchema":"1a1c01bbd47fc00a2c39e90264f33305004495a9","hash":"fda2a89e13adf8233b4325183d08034ee976bef8"}
,"D:\\WorkSpace\\ws_Projetos\\MesaFacil\\MesaFacil\\backend\\src\\modules\\dishes\\dishes.controller.js": {"path":"D:\\WorkSpace\\ws_Projetos\\MesaFacil\\MesaFacil\\backend\\src\\modules\\dishes\\dishes.controller.js","statementMap":{"0":{"start":{"line":1,"column":20},"end":{"line":1,"column":47}},"1":{"start":{"line":5,"column":4},"end":{"line":30,"column":5}},"2":{"start":{"line":6,"column":19},"end":{"line":6,"column":53}},"3":{"start":{"line":7,"column":6},"end":{"line":7,"column":33}},"4":{"start":{"line":9,"column":6},"end":{"line":9,"column":51}},"5":{"start":{"line":11,"column":6},"end":{"line":17,"column":7}},"6":{"start":{"line":12,"column":8},"end":{"line":16,"column":11}},"7":{"start":{"line":18,"column":6},"end":{"line":24,"column":7}},"8":{"start":{"line":19,"column":8},"end":{"line":23,"column":11}},"9":{"start":{"line":25,"column":6},"end":{"line":29,"column":9}},"10":{"start":{"line":34,"column":4},"end":{"line":44,"column":5}},"11":{"start":{"line":35,"column":21},"end":{"line":35,"column":48}},"12":{"start":{"line":36,"column":6},"end":{"line":36,"column":23}},"13":{"start":{"line":38,"column":6},"end":{"line":38,"column":53}},"14":{"start":{"line":39,"column":6},"end":{"line":43,"column":9}},"15":{"start":{"line":48,"column":4},"end":{"line":68,"column":5}},"16":{"start":{"line":49,"column":21},"end":{"line":49,"column":31}},"17":{"start":{"line":50,"column":19},"end":{"line":50,"column":48}},"18":{"start":{"line":52,"column":6},"end":{"line":58,"column":7}},"19":{"start":{"line":53,"column":8},"end":{"line":57,"column":11}},"20":{"start":{"line":60,"column":6},"end":{"line":60,"column":21}},"21":{"start":{"line":62,"column":6},"end":{"line":62,"column":51}},"22":{"start":{"line":63,"column":6},"end":{"line":67,"column":9}},"23":{"start":{"line":72,"column":4},"end":{"line":106,"column":5}},"24":{"start":{"line":73,"column":21},"end":{"line":73,"column":31}},"25":{"start":{"line":74,"column":19},"end":{"line":74,"column":57}},"26":{"start":{"line":76,"column":6},"end":{"line":76,"column":21}},"27":{"start":{"line":78,"column":6},"end":{"line":78,"column":51}},"28":{"start":{"line":80,"column":6},"end":{"line":86,"column":7}},"29":{"start":{"line":81,"column":8},"end":{"line":85,"column":11}},"30":{"start":{"line":87,"column":6},"end":{"line":93,"column":7}},"31":{"start":{"line":88,"column":8},"end":{"line":92,"column":11}},"32":{"start":{"line":94,"column":6},"end":{"line":100,"column":7}},"33":{"start":{"line":95,"column":8},"end":{"line":99,"column":11}},"34":{"start":{"line":101,"column":6},"end":{"line":105,"column":9}},"35":{"start":{"line":110,"column":4},"end":{"line":137,"column":5}},"36":{"start":{"line":111,"column":21},"end":{"line":111,"column":31}},"37":{"start":{"line":112,"column":6},"end":{"line":112,"column":35}},"38":{"start":{"line":114,"column":6},"end":{"line":114,"column":29}},"39":{"start":{"line":116,"column":6},"end":{"line":116,"column":51}},"40":{"start":{"line":118,"column":6},"end":{"line":124,"column":7}},"41":{"start":{"line":119,"column":8},"end":{"line":123,"column":11}},"42":{"start":{"line":125,"column":6},"end":{"line":131,"column":7}},"43":{"start":{"line":126,"column":8},"end":{"line":130,"column":11}},"44":{"start":{"line":132,"column":6},"end":{"line":136,"column":9}},"45":{"start":{"line":141,"column":0},"end":{"line":141,"column":38}}},"fnMap":{"0":{"name":"(anonymous_0)","decl":{"start":{"line":4,"column":2},"end":{"line":4,"column":3}},"loc":{"start":{"line":4,"column":25},"end":{"line":31,"column":3}},"line":4},"1":{"name":"(anonymous_1)","decl":{"start":{"line":33,"column":2},"end":{"line":33,"column":3}},"loc":{"start":{"line":33,"column":26},"end":{"line":45,"column":3}},"line":33},"2":{"name":"(anonymous_2)","decl":{"start":{"line":47,"column":2},"end":{"line":47,"column":3}},"loc":{"start":{"line":47,"column":26},"end":{"line":69,"column":3}},"line":47},"3":{"name":"(anonymous_3)","decl":{"start":{"line":71,"column":2},"end":{"line":71,"column":3}},"loc":{"start":{"line":71,"column":25},"end":{"line":107,"column":3}},"line":71},"4":{"name":"(anonymous_4)","decl":{"start":{"line":109,"column":2},"end":{"line":109,"column":3}},"loc":{"start":{"line":109,"column":25},"end":{"line":138,"column":3}},"line":109}},"branchMap":{"0":{"loc":{"start":{"line":11,"column":6},"end":{"line":17,"column":7}},"type":"if","locations":[{"start":{"line":11,"column":6},"end":{"line":17,"column":7}},{"start":{},"end":{}}],"line":11},"1":{"loc":{"start":{"line":11,"column":10},"end":{"line":11,"column":128}},"type":"binary-expr","locations":[{"start":{"line":11,"column":10},"end":{"line":11,"column":50}},{"start":{"line":11,"column":54},"end":{"line":11,"column":89}},{"start":{"line":11,"column":93},"end":{"line":11,"column":128}}],"line":11},"2":{"loc":{"start":{"line":18,"column":6},"end":{"line":24,"column":7}},"type":"if","locations":[{"start":{"line":18,"column":6},"end":{"line":24,"column":7}},{"start":{},"end":{}}],"line":18},"3":{"loc":{"start":{"line":18,"column":10},"end":{"line":18,"column":126}},"type":"binary-expr","locations":[{"start":{"line":18,"column":10},"end":{"line":18,"column":43}},{"start":{"line":18,"column":47},"end":{"line":18,"column":81}},{"start":{"line":18,"column":85},"end":{"line":18,"column":126}}],"line":18},"4":{"loc":{"start":{"line":52,"column":6},"end":{"line":58,"column":7}},"type":"if","locations":[{"start":{"line":52,"column":6},"end":{"line":58,"column":7}},{"start":{},"end":{}}],"line":52},"5":{"loc":{"start":{"line":80,"column":6},"end":{"line":86,"column":7}},"type":"if","locations":[{"start":{"line":80,"column":6},"end":{"line":86,"column":7}},{"start":{},"end":{}}],"line":80},"6":{"loc":{"start":{"line":80,"column":10},"end":{"line":80,"column":89}},"type":"binary-expr","locations":[{"start":{"line":80,"column":10},"end":{"line":80,"column":45}},{"start":{"line":80,"column":49},"end":{"line":80,"column":89}}],"line":80},"7":{"loc":{"start":{"line":87,"column":6},"end":{"line":93,"column":7}},"type":"if","locations":[{"start":{"line":87,"column":6},"end":{"line":93,"column":7}},{"start":{},"end":{}}],"line":87},"8":{"loc":{"start":{"line":87,"column":10},"end":{"line":87,"column":89}},"type":"binary-expr","locations":[{"start":{"line":87,"column":10},"end":{"line":87,"column":50}},{"start":{"line":87,"column":54},"end":{"line":87,"column":89}}],"line":87},"9":{"loc":{"start":{"line":94,"column":6},"end":{"line":100,"column":7}},"type":"if","locations":[{"start":{"line":94,"column":6},"end":{"line":100,"column":7}},{"start":{},"end":{}}],"line":94},"10":{"loc":{"start":{"line":94,"column":10},"end":{"line":94,"column":126}},"type":"binary-expr","locations":[{"start":{"line":94,"column":10},"end":{"line":94,"column":43}},{"start":{"line":94,"column":47},"end":{"line":94,"column":81}},{"start":{"line":94,"column":85},"end":{"line":94,"column":126}}],"line":94},"11":{"loc":{"start":{"line":118,"column":6},"end":{"line":124,"column":7}},"type":"if","locations":[{"start":{"line":118,"column":6},"end":{"line":124,"column":7}},{"start":{},"end":{}}],"line":118},"12":{"loc":{"start":{"line":118,"column":10},"end":{"line":118,"column":89}},"type":"binary-expr","locations":[{"start":{"line":118,"column":10},"end":{"line":118,"column":45}},{"start":{"line":118,"column":49},"end":{"line":118,"column":89}}],"line":118},"13":{"loc":{"start":{"line":125,"column":6},"end":{"line":131,"column":7}},"type":"if","locations":[{"start":{"line":125,"column":6},"end":{"line":131,"column":7}},{"start":{},"end":{}}],"line":125},"14":{"loc":{"start":{"line":125,"column":10},"end":{"line":125,"column":152}},"type":"binary-expr","locations":[{"start":{"line":125,"column":10},"end":{"line":125,"column":53}},{"start":{"line":125,"column":57},"end":{"line":125,"column":104}},{"start":{"line":125,"column":108},"end":{"line":125,"column":152}}],"line":125}},"s":{"0":5,"1":11,"2":11,"3":2,"4":9,"5":9,"6":4,"7":5,"8":4,"9":1,"10":5,"11":5,"12":3,"13":2,"14":2,"15":6,"16":6,"17":6,"18":4,"19":2,"20":2,"21":2,"22":2,"23":14,"24":14,"25":14,"26":2,"27":12,"28":12,"29":3,"30":9,"31":3,"32":6,"33":4,"34":2,"35":11,"36":11,"37":11,"38":2,"39":9,"40":9,"41":3,"42":6,"43":4,"44":2,"45":5},"f":{"0":11,"1":5,"2":6,"3":14,"4":11},"b":{"0":[4,5],"1":[9,8,7],"2":[4,1],"3":[5,4,1],"4":[2,2],"5":[3,9],"6":[12,11],"7":[3,6],"8":[9,8],"9":[4,2],"10":[6,5,2],"11":[3,6],"12":[9,8],"13":[4,2],"14":[6,5,3]},"_coverageSchema":"1a1c01bbd47fc00a2c39e90264f33305004495a9","hash":"bd70500a0fcfd3712463f6c59f0efb8d249a6008"}
,"D:\\WorkSpace\\ws_Projetos\\MesaFacil\\MesaFacil\\backend\\src\\modules\\dishes\\dishes.routes.js": {"path":"D:\\WorkSpace\\ws_Projetos\\MesaFacil\\MesaFacil\\backend\\src\\modules\\dishes\\dishes.routes.js","statementMap":{"0":{"start":{"line":1,"column":19},"end":{"line":1,"column":37}},"1":{"start":{"line":2,"column":23},"end":{"line":2,"column":53}},"2":{"start":{"line":8,"column":4},"end":{"line":8,"column":47}},"3":{"start":{"line":9,"column":15},"end":{"line":9,"column":23}},"4":{"start":{"line":65,"column":0},"end":{"line":65,"column":92}},"5":{"start":{"line":77,"column":0},"end":{"line":77,"column":46}},"6":{"start":{"line":100,"column":0},"end":{"line":100,"column":88}},"7":{"start":{"line":131,"column":0},"end":{"line":131,"column":95}},"8":{"start":{"line":154,"column":0},"end":{"line":154,"column":90}},"9":{"start":{"line":156,"column":0},"end":{"line":156,"column":24}}},"fnMap":{},"branchMap":{},"s":{"0":5,"1":5,"2":5,"3":5,"4":5,"5":5,"6":5,"7":5,"8":5,"9":5},"f":{},"b":{},"_coverageSchema":"1a1c01bbd47fc00a2c39e90264f33305004495a9","hash":"c1e15685beab50d7f0a87167831a2a38de9a7f91"}
,"D:\\WorkSpace\\ws_Projetos\\MesaFacil\\MesaFacil\\backend\\src\\modules\\dishes\\dishes.service.js": {"path":"D:\\WorkSpace\\ws_Projetos\\MesaFacil\\MesaFacil\\backend\\src\\modules\\dishes\\dishes.service.js","statementMap":{"0":{"start":{"line":1,"column":15},"end":{"line":1,"column":47}},"1":{"start":{"line":6,"column":19},"end":{"line":6,"column":21}},"2":{"start":{"line":9,"column":4},"end":{"line":17,"column":5}},"3":{"start":{"line":10,"column":6},"end":{"line":16,"column":7}},"4":{"start":{"line":11,"column":8},"end":{"line":11,"column":74}},"5":{"start":{"line":12,"column":13},"end":{"line":16,"column":7}},"6":{"start":{"line":13,"column":8},"end":{"line":13,"column":61}},"7":{"start":{"line":14,"column":13},"end":{"line":16,"column":7}},"8":{"start":{"line":15,"column":8},"end":{"line":15,"column":62}},"9":{"start":{"line":20,"column":4},"end":{"line":28,"column":5}},"10":{"start":{"line":21,"column":6},"end":{"line":27,"column":7}},"11":{"start":{"line":22,"column":8},"end":{"line":22,"column":79}},"12":{"start":{"line":23,"column":13},"end":{"line":27,"column":7}},"13":{"start":{"line":24,"column":8},"end":{"line":24,"column":67}},"14":{"start":{"line":25,"column":13},"end":{"line":27,"column":7}},"15":{"start":{"line":26,"column":8},"end":{"line":26,"column":67}},"16":{"start":{"line":31,"column":4},"end":{"line":41,"column":5}},"17":{"start":{"line":32,"column":6},"end":{"line":40,"column":7}},"18":{"start":{"line":33,"column":8},"end":{"line":33,"column":43}},"19":{"start":{"line":34,"column":13},"end":{"line":40,"column":7}},"20":{"start":{"line":35,"column":8},"end":{"line":35,"column":55}},"21":{"start":{"line":36,"column":13},"end":{"line":40,"column":7}},"22":{"start":{"line":37,"column":8},"end":{"line":37,"column":53}},"23":{"start":{"line":38,"column":13},"end":{"line":40,"column":7}},"24":{"start":{"line":39,"column":8},"end":{"line":39,"column":60}},"25":{"start":{"line":44,"column":28},"end":{"line":44,"column":76}},"26":{"start":{"line":45,"column":4},"end":{"line":49,"column":5}},"27":{"start":{"line":46,"column":6},"end":{"line":48,"column":7}},"28":{"start":{"line":47,"column":8},"end":{"line":47,"column":91}},"29":{"start":{"line":52,"column":4},"end":{"line":54,"column":5}},"30":{"start":{"line":53,"column":6},"end":{"line":53,"column":61}},"31":{"start":{"line":57,"column":4},"end":{"line":66,"column":5}},"32":{"start":{"line":58,"column":6},"end":{"line":65,"column":7}},"33":{"start":{"line":59,"column":8},"end":{"line":59,"column":57}},"34":{"start":{"line":60,"column":13},"end":{"line":65,"column":7}},"35":{"start":{"line":61,"column":27},"end":{"line":61,"column":43}},"36":{"start":{"line":62,"column":8},"end":{"line":64,"column":9}},"37":{"start":{"line":63,"column":10},"end":{"line":63,"column":79}},"38":{"start":{"line":68,"column":4},"end":{"line":70,"column":5}},"39":{"start":{"line":69,"column":6},"end":{"line":69,"column":63}},"40":{"start":{"line":75,"column":4},"end":{"line":75,"column":33}},"41":{"start":{"line":77,"column":73},"end":{"line":77,"column":77}},"42":{"start":{"line":80,"column":27},"end":{"line":80,"column":38}},"43":{"start":{"line":81,"column":34},"end":{"line":81,"column":52}},"44":{"start":{"line":82,"column":28},"end":{"line":82,"column":55}},"45":{"start":{"line":85,"column":25},"end":{"line":92,"column":6}},"46":{"start":{"line":94,"column":4},"end":{"line":96,"column":5}},"47":{"start":{"line":95,"column":6},"end":{"line":95,"column":58}},"48":{"start":{"line":98,"column":4},"end":{"line":116,"column":5}},"49":{"start":{"line":99,"column":19},"end":{"line":108,"column":8}},"50":{"start":{"line":110,"column":6},"end":{"line":110,"column":18}},"51":{"start":{"line":112,"column":6},"end":{"line":114,"column":7}},"52":{"start":{"line":113,"column":8},"end":{"line":113,"column":60}},"53":{"start":{"line":115,"column":6},"end":{"line":115,"column":63}},"54":{"start":{"line":120,"column":4},"end":{"line":124,"column":7}},"55":{"start":{"line":128,"column":4},"end":{"line":130,"column":7}},"56":{"start":{"line":137,"column":4},"end":{"line":139,"column":5}},"57":{"start":{"line":138,"column":6},"end":{"line":138,"column":71}},"58":{"start":{"line":142,"column":4},"end":{"line":142,"column":39}},"59":{"start":{"line":144,"column":66},"end":{"line":144,"column":70}},"60":{"start":{"line":147,"column":25},"end":{"line":149,"column":6}},"61":{"start":{"line":151,"column":4},"end":{"line":153,"column":5}},"62":{"start":{"line":152,"column":6},"end":{"line":152,"column":46}},"63":{"start":{"line":156,"column":27},"end":{"line":156,"column":57}},"64":{"start":{"line":157,"column":34},"end":{"line":157,"column":78}},"65":{"start":{"line":158,"column":28},"end":{"line":158,"column":91}},"66":{"start":{"line":161,"column":4},"end":{"line":175,"column":5}},"67":{"start":{"line":162,"column":31},"end":{"line":170,"column":8}},"68":{"start":{"line":172,"column":6},"end":{"line":174,"column":7}},"69":{"start":{"line":173,"column":8},"end":{"line":173,"column":60}},"70":{"start":{"line":177,"column":4},"end":{"line":201,"column":5}},"71":{"start":{"line":179,"column":25},"end":{"line":179,"column":27}},"72":{"start":{"line":180,"column":6},"end":{"line":180,"column":73}},"73":{"start":{"line":180,"column":40},"end":{"line":180,"column":73}},"74":{"start":{"line":181,"column":6},"end":{"line":181,"column":94}},"75":{"start":{"line":181,"column":47},"end":{"line":181,"column":94}},"76":{"start":{"line":182,"column":6},"end":{"line":182,"column":75}},"77":{"start":{"line":182,"column":31},"end":{"line":182,"column":75}},"78":{"start":{"line":183,"column":6},"end":{"line":183,"column":65}},"79":{"start":{"line":183,"column":34},"end":{"line":183,"column":65}},"80":{"start":{"line":184,"column":6},"end":{"line":184,"column":59}},"81":{"start":{"line":184,"column":32},"end":{"line":184,"column":59}},"82":{"start":{"line":185,"column":6},"end":{"line":185,"column":76}},"83":{"start":{"line":185,"column":41},"end":{"line":185,"column":76}},"84":{"start":{"line":187,"column":26},"end":{"line":190,"column":8}},"85":{"start":{"line":192,"column":6},"end":{"line":192,"column":25}},"86":{"start":{"line":194,"column":6},"end":{"line":196,"column":7}},"87":{"start":{"line":195,"column":8},"end":{"line":195,"column":60}},"88":{"start":{"line":197,"column":6},"end":{"line":199,"column":7}},"89":{"start":{"line":198,"column":8},"end":{"line":198,"column":48}},"90":{"start":{"line":200,"column":6},"end":{"line":200,"column":67}},"91":{"start":{"line":206,"column":4},"end":{"line":208,"column":5}},"92":{"start":{"line":207,"column":6},"end":{"line":207,"column":71}},"93":{"start":{"line":210,"column":4},"end":{"line":242,"column":5}},"94":{"start":{"line":212,"column":27},"end":{"line":214,"column":8}},"95":{"start":{"line":216,"column":6},"end":{"line":218,"column":7}},"96":{"start":{"line":217,"column":8},"end":{"line":217,"column":48}},"97":{"start":{"line":221,"column":29},"end":{"line":223,"column":8}},"98":{"start":{"line":225,"column":6},"end":{"line":227,"column":7}},"99":{"start":{"line":226,"column":8},"end":{"line":226,"column":91}},"100":{"start":{"line":229,"column":6},"end":{"line":231,"column":9}},"101":{"start":{"line":233,"column":6},"end":{"line":233,"column":70}},"102":{"start":{"line":235,"column":6},"end":{"line":237,"column":7}},"103":{"start":{"line":236,"column":8},"end":{"line":236,"column":48}},"104":{"start":{"line":238,"column":6},"end":{"line":240,"column":7}},"105":{"start":{"line":239,"column":8},"end":{"line":239,"column":20}},"106":{"start":{"line":241,"column":6},"end":{"line":241,"column":65}},"107":{"start":{"line":246,"column":0},"end":{"line":246,"column":35}}},"fnMap":{"0":{"name":"(anonymous_0)","decl":{"start":{"line":5,"column":2},"end":{"line":5,"column":3}},"loc":{"start":{"line":5,"column":44},"end":{"line":71,"column":3}},"line":5},"1":{"name":"(anonymous_1)","decl":{"start":{"line":73,"column":2},"end":{"line":73,"column":3}},"loc":{"start":{"line":73,"column":21},"end":{"line":117,"column":3}},"line":73},"2":{"name":"(anonymous_2)","decl":{"start":{"line":119,"column":2},"end":{"line":119,"column":3}},"loc":{"start":{"line":119,"column":18},"end":{"line":125,"column":3}},"line":119},"3":{"name":"(anonymous_3)","decl":{"start":{"line":127,"column":2},"end":{"line":127,"column":3}},"loc":{"start":{"line":127,"column":20},"end":{"line":131,"column":3}},"line":127},"4":{"name":"(anonymous_4)","decl":{"start":{"line":135,"column":2},"end":{"line":135,"column":3}},"loc":{"start":{"line":135,"column":25},"end":{"line":202,"column":3}},"line":135},"5":{"name":"(anonymous_5)","decl":{"start":{"line":204,"column":2},"end":{"line":204,"column":3}},"loc":{"start":{"line":204,"column":19},"end":{"line":243,"column":3}},"line":204}},"branchMap":{"0":{"loc":{"start":{"line":5,"column":26},"end":{"line":5,"column":42}},"type":"default-arg","locations":[{"start":{"line":5,"column":37},"end":{"line":5,"column":42}}],"line":5},"1":{"loc":{"start":{"line":9,"column":4},"end":{"line":17,"column":5}},"type":"if","locations":[{"start":{"line":9,"column":4},"end":{"line":17,"column":5}},{"start":{},"end":{}}],"line":9},"2":{"loc":{"start":{"line":9,"column":8},"end":{"line":9,"column":44}},"type":"binary-expr","locations":[{"start":{"line":9,"column":8},"end":{"line":9,"column":17}},{"start":{"line":9,"column":21},"end":{"line":9,"column":44}}],"line":9},"3":{"loc":{"start":{"line":10,"column":6},"end":{"line":16,"column":7}},"type":"if","locations":[{"start":{"line":10,"column":6},"end":{"line":16,"column":7}},{"start":{"line":12,"column":13},"end":{"line":16,"column":7}}],"line":10},"4":{"loc":{"start":{"line":10,"column":10},"end":{"line":10,"column":86}},"type":"binary-expr","locations":[{"start":{"line":10,"column":10},"end":{"line":10,"column":20}},{"start":{"line":10,"column":24},"end":{"line":10,"column":53}},{"start":{"line":10,"column":57},"end":{"line":10,"column":86}}],"line":10},"5":{"loc":{"start":{"line":12,"column":13},"end":{"line":16,"column":7}},"type":"if","locations":[{"start":{"line":12,"column":13},"end":{"line":16,"column":7}},{"start":{"line":14,"column":13},"end":{"line":16,"column":7}}],"line":12},"6":{"loc":{"start":{"line":14,"column":13},"end":{"line":16,"column":7}},"type":"if","locations":[{"start":{"line":14,"column":13},"end":{"line":16,"column":7}},{"start":{},"end":{}}],"line":14},"7":{"loc":{"start":{"line":20,"column":4},"end":{"line":28,"column":5}},"type":"if","locations":[{"start":{"line":20,"column":4},"end":{"line":28,"column":5}},{"start":{},"end":{}}],"line":20},"8":{"loc":{"start":{"line":20,"column":8},"end":{"line":20,"column":51}},"type":"binary-expr","locations":[{"start":{"line":20,"column":8},"end":{"line":20,"column":17}},{"start":{"line":20,"column":21},"end":{"line":20,"column":51}}],"line":20},"9":{"loc":{"start":{"line":21,"column":6},"end":{"line":27,"column":7}},"type":"if","locations":[{"start":{"line":21,"column":6},"end":{"line":27,"column":7}},{"start":{"line":23,"column":13},"end":{"line":27,"column":7}}],"line":21},"10":{"loc":{"start":{"line":21,"column":10},"end":{"line":21,"column":107}},"type":"binary-expr","locations":[{"start":{"line":21,"column":10},"end":{"line":21,"column":27}},{"start":{"line":21,"column":31},"end":{"line":21,"column":67}},{"start":{"line":21,"column":71},"end":{"line":21,"column":107}}],"line":21},"11":{"loc":{"start":{"line":23,"column":13},"end":{"line":27,"column":7}},"type":"if","locations":[{"start":{"line":23,"column":13},"end":{"line":27,"column":7}},{"start":{"line":25,"column":13},"end":{"line":27,"column":7}}],"line":23},"12":{"loc":{"start":{"line":25,"column":13},"end":{"line":27,"column":7}},"type":"if","locations":[{"start":{"line":25,"column":13},"end":{"line":27,"column":7}},{"start":{},"end":{}}],"line":25},"13":{"loc":{"start":{"line":31,"column":4},"end":{"line":41,"column":5}},"type":"if","locations":[{"start":{"line":31,"column":4},"end":{"line":41,"column":5}},{"start":{},"end":{}}],"line":31},"14":{"loc":{"start":{"line":31,"column":8},"end":{"line":31,"column":45}},"type":"binary-expr","locations":[{"start":{"line":31,"column":8},"end":{"line":31,"column":17}},{"start":{"line":31,"column":21},"end":{"line":31,"column":45}}],"line":31},"15":{"loc":{"start":{"line":32,"column":6},"end":{"line":40,"column":7}},"type":"if","locations":[{"start":{"line":32,"column":6},"end":{"line":40,"column":7}},{"start":{"line":34,"column":13},"end":{"line":40,"column":7}}],"line":32},"16":{"loc":{"start":{"line":32,"column":10},"end":{"line":32,"column":57}},"type":"binary-expr","locations":[{"start":{"line":32,"column":10},"end":{"line":32,"column":34}},{"start":{"line":32,"column":38},"end":{"line":32,"column":57}}],"line":32},"17":{"loc":{"start":{"line":34,"column":13},"end":{"line":40,"column":7}},"type":"if","locations":[{"start":{"line":34,"column":13},"end":{"line":40,"column":7}},{"start":{"line":36,"column":13},"end":{"line":40,"column":7}}],"line":34},"18":{"loc":{"start":{"line":34,"column":17},"end":{"line":34,"column":68}},"type":"binary-expr","locations":[{"start":{"line":34,"column":17},"end":{"line":34,"column":47}},{"start":{"line":34,"column":51},"end":{"line":34,"column":68}}],"line":34},"19":{"loc":{"start":{"line":36,"column":13},"end":{"line":40,"column":7}},"type":"if","locations":[{"start":{"line":36,"column":13},"end":{"line":40,"column":7}},{"start":{"line":38,"column":13},"end":{"line":40,"column":7}}],"line":36},"20":{"loc":{"start":{"line":38,"column":13},"end":{"line":40,"column":7}},"type":"if","locations":[{"start":{"line":38,"column":13},"end":{"line":40,"column":7}},{"start":{},"end":{}}],"line":38},"21":{"loc":{"start":{"line":45,"column":4},"end":{"line":49,"column":5}},"type":"if","locations":[{"start":{"line":45,"column":4},"end":{"line":49,"column":5}},{"start":{},"end":{}}],"line":45},"22":{"loc":{"start":{"line":45,"column":8},"end":{"line":45,"column":48}},"type":"binary-expr","locations":[{"start":{"line":45,"column":8},"end":{"line":45,"column":17}},{"start":{"line":45,"column":21},"end":{"line":45,"column":48}}],"line":45},"23":{"loc":{"start":{"line":46,"column":6},"end":{"line":48,"column":7}},"type":"if","locations":[{"start":{"line":46,"column":6},"end":{"line":48,"column":7}},{"start":{},"end":{}}],"line":46},"24":{"loc":{"start":{"line":46,"column":10},"end":{"line":46,"column":68}},"type":"binary-expr","locations":[{"start":{"line":46,"column":10},"end":{"line":46,"column":24}},{"start":{"line":46,"column":28},"end":{"line":46,"column":68}}],"line":46},"25":{"loc":{"start":{"line":52,"column":4},"end":{"line":54,"column":5}},"type":"if","locations":[{"start":{"line":52,"column":4},"end":{"line":54,"column":5}},{"start":{},"end":{}}],"line":52},"26":{"loc":{"start":{"line":52,"column":8},"end":{"line":52,"column":69}},"type":"binary-expr","locations":[{"start":{"line":52,"column":8},"end":{"line":52,"column":33}},{"start":{"line":52,"column":37},"end":{"line":52,"column":69}}],"line":52},"27":{"loc":{"start":{"line":57,"column":4},"end":{"line":66,"column":5}},"type":"if","locations":[{"start":{"line":57,"column":4},"end":{"line":66,"column":5}},{"start":{},"end":{}}],"line":57},"28":{"loc":{"start":{"line":57,"column":8},"end":{"line":57,"column":55}},"type":"binary-expr","locations":[{"start":{"line":57,"column":8},"end":{"line":57,"column":32}},{"start":{"line":57,"column":36},"end":{"line":57,"column":55}}],"line":57},"29":{"loc":{"start":{"line":58,"column":6},"end":{"line":65,"column":7}},"type":"if","locations":[{"start":{"line":58,"column":6},"end":{"line":65,"column":7}},{"start":{"line":60,"column":13},"end":{"line":65,"column":7}}],"line":58},"30":{"loc":{"start":{"line":60,"column":13},"end":{"line":65,"column":7}},"type":"if","locations":[{"start":{"line":60,"column":13},"end":{"line":65,"column":7}},{"start":{},"end":{}}],"line":60},"31":{"loc":{"start":{"line":62,"column":8},"end":{"line":64,"column":9}},"type":"if","locations":[{"start":{"line":62,"column":8},"end":{"line":64,"column":9}},{"start":{},"end":{}}],"line":62},"32":{"loc":{"start":{"line":68,"column":4},"end":{"line":70,"column":5}},"type":"if","locations":[{"start":{"line":68,"column":4},"end":{"line":70,"column":5}},{"start":{},"end":{}}],"line":68},"33":{"loc":{"start":{"line":77,"column":48},"end":{"line":77,"column":61}},"type":"default-arg","locations":[{"start":{"line":77,"column":57},"end":{"line":77,"column":61}}],"line":77},"34":{"loc":{"start":{"line":82,"column":28},"end":{"line":82,"column":55}},"type":"cond-expr","locations":[{"start":{"line":82,"column":36},"end":{"line":82,"column":48}},{"start":{"line":82,"column":51},"end":{"line":82,"column":55}}],"line":82},"35":{"loc":{"start":{"line":94,"column":4},"end":{"line":96,"column":5}},"type":"if","locations":[{"start":{"line":94,"column":4},"end":{"line":96,"column":5}},{"start":{},"end":{}}],"line":94},"36":{"loc":{"start":{"line":112,"column":6},"end":{"line":114,"column":7}},"type":"if","locations":[{"start":{"line":112,"column":6},"end":{"line":114,"column":7}},{"start":{},"end":{}}],"line":112},"37":{"loc":{"start":{"line":137,"column":4},"end":{"line":139,"column":5}},"type":"if","locations":[{"start":{"line":137,"column":4},"end":{"line":139,"column":5}},{"start":{},"end":{}}],"line":137},"38":{"loc":{"start":{"line":137,"column":8},"end":{"line":137,"column":37}},"type":"binary-expr","locations":[{"start":{"line":137,"column":8},"end":{"line":137,"column":11}},{"start":{"line":137,"column":15},"end":{"line":137,"column":37}}],"line":137},"39":{"loc":{"start":{"line":151,"column":4},"end":{"line":153,"column":5}},"type":"if","locations":[{"start":{"line":151,"column":4},"end":{"line":153,"column":5}},{"start":{},"end":{}}],"line":151},"40":{"loc":{"start":{"line":156,"column":27},"end":{"line":156,"column":57}},"type":"cond-expr","locations":[{"start":{"line":156,"column":34},"end":{"line":156,"column":45}},{"start":{"line":156,"column":48},"end":{"line":156,"column":57}}],"line":156},"41":{"loc":{"start":{"line":157,"column":34},"end":{"line":157,"column":78}},"type":"cond-expr","locations":[{"start":{"line":157,"column":48},"end":{"line":157,"column":66}},{"start":{"line":157,"column":69},"end":{"line":157,"column":78}}],"line":157},"42":{"loc":{"start":{"line":158,"column":28},"end":{"line":158,"column":91}},"type":"cond-expr","locations":[{"start":{"line":158,"column":51},"end":{"line":158,"column":78}},{"start":{"line":158,"column":82},"end":{"line":158,"column":91}}],"line":158},"43":{"loc":{"start":{"line":158,"column":51},"end":{"line":158,"column":78}},"type":"cond-expr","locations":[{"start":{"line":158,"column":59},"end":{"line":158,"column":71}},{"start":{"line":158,"column":74},"end":{"line":158,"column":78}}],"line":158},"44":{"loc":{"start":{"line":161,"column":4},"end":{"line":175,"column":5}},"type":"if","locations":[{"start":{"line":161,"column":4},"end":{"line":175,"column":5}},{"start":{},"end":{}}],"line":161},"45":{"loc":{"start":{"line":161,"column":8},"end":{"line":161,"column":90}},"type":"binary-expr","locations":[{"start":{"line":161,"column":8},"end":{"line":161,"column":22}},{"start":{"line":161,"column":26},"end":{"line":161,"column":90}}],"line":161},"46":{"loc":{"start":{"line":172,"column":6},"end":{"line":174,"column":7}},"type":"if","locations":[{"start":{"line":172,"column":6},"end":{"line":174,"column":7}},{"start":{},"end":{}}],"line":172},"47":{"loc":{"start":{"line":180,"column":6},"end":{"line":180,"column":73}},"type":"if","locations":[{"start":{"line":180,"column":6},"end":{"line":180,"column":73}},{"start":{},"end":{}}],"line":180},"48":{"loc":{"start":{"line":181,"column":6},"end":{"line":181,"column":94}},"type":"if","locations":[{"start":{"line":181,"column":6},"end":{"line":181,"column":94}},{"start":{},"end":{}}],"line":181},"49":{"loc":{"start":{"line":182,"column":6},"end":{"line":182,"column":75}},"type":"if","locations":[{"start":{"line":182,"column":6},"end":{"line":182,"column":75}},{"start":{},"end":{}}],"line":182},"50":{"loc":{"start":{"line":183,"column":6},"end":{"line":183,"column":65}},"type":"if","locations":[{"start":{"line":183,"column":6},"end":{"line":183,"column":65}},{"start":{},"end":{}}],"line":183},"51":{"loc":{"start":{"line":184,"column":6},"end":{"line":184,"column":59}},"type":"if","locations":[{"start":{"line":184,"column":6},"end":{"line":184,"column":59}},{"start":{},"end":{}}],"line":184},"52":{"loc":{"start":{"line":185,"column":6},"end":{"line":185,"column":76}},"type":"if","locations":[{"start":{"line":185,"column":6},"end":{"line":185,"column":76}},{"start":{},"end":{}}],"line":185},"53":{"loc":{"start":{"line":194,"column":6},"end":{"line":196,"column":7}},"type":"if","locations":[{"start":{"line":194,"column":6},"end":{"line":196,"column":7}},{"start":{},"end":{}}],"line":194},"54":{"loc":{"start":{"line":197,"column":6},"end":{"line":199,"column":7}},"type":"if","locations":[{"start":{"line":197,"column":6},"end":{"line":199,"column":7}},{"start":{},"end":{}}],"line":197},"55":{"loc":{"start":{"line":206,"column":4},"end":{"line":208,"column":5}},"type":"if","locations":[{"start":{"line":206,"column":4},"end":{"line":208,"column":5}},{"start":{},"end":{}}],"line":206},"56":{"loc":{"start":{"line":206,"column":8},"end":{"line":206,"column":37}},"type":"binary-expr","locations":[{"start":{"line":206,"column":8},"end":{"line":206,"column":11}},{"start":{"line":206,"column":15},"end":{"line":206,"column":37}}],"line":206},"57":{"loc":{"start":{"line":216,"column":6},"end":{"line":218,"column":7}},"type":"if","locations":[{"start":{"line":216,"column":6},"end":{"line":218,"column":7}},{"start":{},"end":{}}],"line":216},"58":{"loc":{"start":{"line":225,"column":6},"end":{"line":227,"column":7}},"type":"if","locations":[{"start":{"line":225,"column":6},"end":{"line":227,"column":7}},{"start":{},"end":{}}],"line":225},"59":{"loc":{"start":{"line":235,"column":6},"end":{"line":237,"column":7}},"type":"if","locations":[{"start":{"line":235,"column":6},"end":{"line":237,"column":7}},{"start":{},"end":{}}],"line":235},"60":{"loc":{"start":{"line":238,"column":6},"end":{"line":240,"column":7}},"type":"if","locations":[{"start":{"line":238,"column":6},"end":{"line":240,"column":7}},{"start":{},"end":{}}],"line":238}},"s":{"0":6,"1":14,"2":14,"3":14,"4":1,"5":13,"6":1,"7":12,"8":1,"9":14,"10":14,"11":0,"12":14,"13":1,"14":13,"15":0,"16":14,"17":14,"18":0,"19":14,"20":0,"21":14,"22":1,"23":13,"24":0,"25":14,"26":14,"27":11,"28":1,"29":14,"30":0,"31":14,"32":10,"33":0,"34":10,"35":10,"36":10,"37":1,"38":14,"39":7,"40":11,"41":4,"42":4,"43":4,"44":4,"45":4,"46":4,"47":1,"48":3,"49":3,"50":3,"51":0,"52":0,"53":0,"54":2,"55":2,"56":3,"57":0,"58":3,"59":3,"60":3,"61":3,"62":1,"63":2,"64":2,"65":2,"66":2,"67":2,"68":2,"69":1,"70":1,"71":1,"72":1,"73":1,"74":1,"75":1,"76":1,"77":1,"78":1,"79":0,"80":1,"81":0,"82":1,"83":0,"84":1,"85":1,"86":0,"87":0,"88":0,"89":0,"90":0,"91":3,"92":0,"93":3,"94":3,"95":3,"96":1,"97":2,"98":2,"99":1,"100":1,"101":1,"102":2,"103":0,"104":2,"105":1,"106":1,"107":6},"f":{"0":14,"1":11,"2":2,"3":2,"4":3,"5":3},"b":{"0":[11],"1":[14,0],"2":[14,3],"3":[1,13],"4":[14,13,13],"5":[1,12],"6":[1,11],"7":[14,0],"8":[14,3],"9":[0,14],"10":[14,14,14],"11":[1,13],"12":[0,13],"13":[14,0],"14":[14,3],"15":[0,14],"16":[14,14],"17":[0,14],"18":[14,14],"19":[1,13],"20":[0,13],"21":[11,3],"22":[14,3],"23":[1,10],"24":[11,11],"25":[0,14],"26":[14,9],"27":[10,4],"28":[14,10],"29":[0,10],"30":[10,0],"31":[1,9],"32":[7,7],"33":[2],"34":[3,1],"35":[1,3],"36":[0,0],"37":[0,3],"38":[3,3],"39":[1,2],"40":[2,0],"41":[2,0],"42":[0,2],"43":[0,0],"44":[2,0],"45":[2,2],"46":[1,1],"47":[1,0],"48":[1,0],"49":[1,0],"50":[0,1],"51":[0,1],"52":[0,1],"53":[0,0],"54":[0,0],"55":[0,3],"56":[3,3],"57":[1,2],"58":[1,1],"59":[0,2],"60":[1,1]},"_coverageSchema":"1a1c01bbd47fc00a2c39e90264f33305004495a9","hash":"cd2355d60715625bb38b4e6ecb211e05a39a59f9"}
,"D:\\WorkSpace\\ws_Projetos\\MesaFacil\\MesaFacil\\backend\\src\\modules\\orders\\orders.controller.js": {"path":"D:\\WorkSpace\\ws_Projetos\\MesaFacil\\MesaFacil\\backend\\src\\modules\\orders\\orders.controller.js","statementMap":{"0":{"start":{"line":1,"column":21},"end":{"line":1,"column":48}},"1":{"start":{"line":5,"column":4},"end":{"line":53,"column":5}},"2":{"start":{"line":6,"column":20},"end":{"line":6,"column":55}},"3":{"start":{"line":7,"column":6},"end":{"line":11,"column":9}},"4":{"start":{"line":13,"column":6},"end":{"line":13,"column":52}},"5":{"start":{"line":16,"column":6},"end":{"line":26,"column":7}},"6":{"start":{"line":21,"column":8},"end":{"line":25,"column":11}},"7":{"start":{"line":29,"column":6},"end":{"line":36,"column":7}},"8":{"start":{"line":31,"column":8},"end":{"line":35,"column":11}},"9":{"start":{"line":39,"column":6},"end":{"line":45,"column":7}},"10":{"start":{"line":40,"column":8},"end":{"line":44,"column":11}},"11":{"start":{"line":48,"column":6},"end":{"line":52,"column":9}},"12":{"start":{"line":57,"column":4},"end":{"line":72,"column":5}},"13":{"start":{"line":58,"column":25},"end":{"line":58,"column":34}},"14":{"start":{"line":59,"column":21},"end":{"line":59,"column":55}},"15":{"start":{"line":60,"column":6},"end":{"line":64,"column":9}},"16":{"start":{"line":66,"column":6},"end":{"line":66,"column":54}},"17":{"start":{"line":67,"column":6},"end":{"line":71,"column":9}},"18":{"start":{"line":76,"column":4},"end":{"line":99,"column":5}},"19":{"start":{"line":77,"column":21},"end":{"line":77,"column":31}},"20":{"start":{"line":78,"column":20},"end":{"line":78,"column":50}},"21":{"start":{"line":80,"column":6},"end":{"line":86,"column":7}},"22":{"start":{"line":81,"column":8},"end":{"line":85,"column":11}},"23":{"start":{"line":88,"column":6},"end":{"line":91,"column":9}},"24":{"start":{"line":93,"column":6},"end":{"line":93,"column":53}},"25":{"start":{"line":94,"column":6},"end":{"line":98,"column":9}},"26":{"start":{"line":103,"column":4},"end":{"line":136,"column":5}},"27":{"start":{"line":104,"column":21},"end":{"line":104,"column":31}},"28":{"start":{"line":105,"column":20},"end":{"line":105,"column":59}},"29":{"start":{"line":107,"column":6},"end":{"line":113,"column":7}},"30":{"start":{"line":108,"column":8},"end":{"line":112,"column":11}},"31":{"start":{"line":115,"column":6},"end":{"line":119,"column":9}},"32":{"start":{"line":121,"column":6},"end":{"line":121,"column":56}},"33":{"start":{"line":123,"column":6},"end":{"line":129,"column":7}},"34":{"start":{"line":124,"column":8},"end":{"line":128,"column":11}},"35":{"start":{"line":131,"column":6},"end":{"line":135,"column":9}},"36":{"start":{"line":140,"column":4},"end":{"line":182,"column":5}},"37":{"start":{"line":141,"column":21},"end":{"line":141,"column":31}},"38":{"start":{"line":142,"column":25},"end":{"line":142,"column":33}},"39":{"start":{"line":143,"column":20},"end":{"line":143,"column":63}},"40":{"start":{"line":145,"column":6},"end":{"line":151,"column":7}},"41":{"start":{"line":146,"column":8},"end":{"line":150,"column":11}},"42":{"start":{"line":153,"column":6},"end":{"line":157,"column":9}},"43":{"start":{"line":159,"column":6},"end":{"line":159,"column":66}},"44":{"start":{"line":161,"column":6},"end":{"line":167,"column":7}},"45":{"start":{"line":162,"column":8},"end":{"line":166,"column":11}},"46":{"start":{"line":169,"column":6},"end":{"line":175,"column":7}},"47":{"start":{"line":170,"column":8},"end":{"line":174,"column":11}},"48":{"start":{"line":177,"column":6},"end":{"line":181,"column":9}},"49":{"start":{"line":186,"column":4},"end":{"line":218,"column":5}},"50":{"start":{"line":187,"column":21},"end":{"line":187,"column":31}},"51":{"start":{"line":188,"column":22},"end":{"line":188,"column":51}},"52":{"start":{"line":190,"column":6},"end":{"line":196,"column":7}},"53":{"start":{"line":191,"column":8},"end":{"line":195,"column":11}},"54":{"start":{"line":198,"column":6},"end":{"line":201,"column":9}},"55":{"start":{"line":203,"column":6},"end":{"line":203,"column":54}},"56":{"start":{"line":205,"column":6},"end":{"line":211,"column":7}},"57":{"start":{"line":206,"column":8},"end":{"line":210,"column":11}},"58":{"start":{"line":213,"column":6},"end":{"line":217,"column":9}},"59":{"start":{"line":222,"column":0},"end":{"line":222,"column":39}}},"fnMap":{"0":{"name":"(anonymous_0)","decl":{"start":{"line":4,"column":2},"end":{"line":4,"column":3}},"loc":{"start":{"line":4,"column":25},"end":{"line":54,"column":3}},"line":4},"1":{"name":"(anonymous_1)","decl":{"start":{"line":56,"column":2},"end":{"line":56,"column":3}},"loc":{"start":{"line":56,"column":26},"end":{"line":73,"column":3}},"line":56},"2":{"name":"(anonymous_2)","decl":{"start":{"line":75,"column":2},"end":{"line":75,"column":3}},"loc":{"start":{"line":75,"column":26},"end":{"line":100,"column":3}},"line":75},"3":{"name":"(anonymous_3)","decl":{"start":{"line":102,"column":2},"end":{"line":102,"column":3}},"loc":{"start":{"line":102,"column":25},"end":{"line":137,"column":3}},"line":102},"4":{"name":"(anonymous_4)","decl":{"start":{"line":139,"column":2},"end":{"line":139,"column":3}},"loc":{"start":{"line":139,"column":31},"end":{"line":183,"column":3}},"line":139},"5":{"name":"(anonymous_5)","decl":{"start":{"line":185,"column":2},"end":{"line":185,"column":3}},"loc":{"start":{"line":185,"column":25},"end":{"line":219,"column":3}},"line":185}},"branchMap":{"0":{"loc":{"start":{"line":16,"column":6},"end":{"line":26,"column":7}},"type":"if","locations":[{"start":{"line":16,"column":6},"end":{"line":26,"column":7}},{"start":{},"end":{}}],"line":16},"1":{"loc":{"start":{"line":16,"column":10},"end":{"line":20,"column":50}},"type":"binary-expr","locations":[{"start":{"line":16,"column":10},"end":{"line":16,"column":47}},{"start":{"line":17,"column":10},"end":{"line":17,"column":42}},{"start":{"line":18,"column":10},"end":{"line":18,"column":46}},{"start":{"line":19,"column":10},"end":{"line":19,"column":43}},{"start":{"line":20,"column":10},"end":{"line":20,"column":50}}],"line":16},"2":{"loc":{"start":{"line":29,"column":6},"end":{"line":36,"column":7}},"type":"if","locations":[{"start":{"line":29,"column":6},"end":{"line":36,"column":7}},{"start":{},"end":{}}],"line":29},"3":{"loc":{"start":{"line":29,"column":10},"end":{"line":30,"column":44}},"type":"binary-expr","locations":[{"start":{"line":29,"column":10},"end":{"line":29,"column":50}},{"start":{"line":30,"column":10},"end":{"line":30,"column":44}}],"line":29},"4":{"loc":{"start":{"line":39,"column":6},"end":{"line":45,"column":7}},"type":"if","locations":[{"start":{"line":39,"column":6},"end":{"line":45,"column":7}},{"start":{},"end":{}}],"line":39},"5":{"loc":{"start":{"line":80,"column":6},"end":{"line":86,"column":7}},"type":"if","locations":[{"start":{"line":80,"column":6},"end":{"line":86,"column":7}},{"start":{},"end":{}}],"line":80},"6":{"loc":{"start":{"line":107,"column":6},"end":{"line":113,"column":7}},"type":"if","locations":[{"start":{"line":107,"column":6},"end":{"line":113,"column":7}},{"start":{},"end":{}}],"line":107},"7":{"loc":{"start":{"line":123,"column":6},"end":{"line":129,"column":7}},"type":"if","locations":[{"start":{"line":123,"column":6},"end":{"line":129,"column":7}},{"start":{},"end":{}}],"line":123},"8":{"loc":{"start":{"line":123,"column":10},"end":{"line":123,"column":89}},"type":"binary-expr","locations":[{"start":{"line":123,"column":10},"end":{"line":123,"column":45}},{"start":{"line":123,"column":49},"end":{"line":123,"column":89}}],"line":123},"9":{"loc":{"start":{"line":145,"column":6},"end":{"line":151,"column":7}},"type":"if","locations":[{"start":{"line":145,"column":6},"end":{"line":151,"column":7}},{"start":{},"end":{}}],"line":145},"10":{"loc":{"start":{"line":161,"column":6},"end":{"line":167,"column":7}},"type":"if","locations":[{"start":{"line":161,"column":6},"end":{"line":167,"column":7}},{"start":{},"end":{}}],"line":161},"11":{"loc":{"start":{"line":161,"column":10},"end":{"line":161,"column":89}},"type":"binary-expr","locations":[{"start":{"line":161,"column":10},"end":{"line":161,"column":45}},{"start":{"line":161,"column":49},"end":{"line":161,"column":89}}],"line":161},"12":{"loc":{"start":{"line":169,"column":6},"end":{"line":175,"column":7}},"type":"if","locations":[{"start":{"line":169,"column":6},"end":{"line":175,"column":7}},{"start":{},"end":{}}],"line":169},"13":{"loc":{"start":{"line":169,"column":10},"end":{"line":169,"column":81}},"type":"binary-expr","locations":[{"start":{"line":169,"column":10},"end":{"line":169,"column":43}},{"start":{"line":169,"column":47},"end":{"line":169,"column":81}}],"line":169},"14":{"loc":{"start":{"line":190,"column":6},"end":{"line":196,"column":7}},"type":"if","locations":[{"start":{"line":190,"column":6},"end":{"line":196,"column":7}},{"start":{},"end":{}}],"line":190},"15":{"loc":{"start":{"line":205,"column":6},"end":{"line":211,"column":7}},"type":"if","locations":[{"start":{"line":205,"column":6},"end":{"line":211,"column":7}},{"start":{},"end":{}}],"line":205},"16":{"loc":{"start":{"line":205,"column":10},"end":{"line":205,"column":89}},"type":"binary-expr","locations":[{"start":{"line":205,"column":10},"end":{"line":205,"column":45}},{"start":{"line":205,"column":49},"end":{"line":205,"column":89}}],"line":205}},"s":{"0":5,"1":7,"2":7,"3":1,"4":6,"5":6,"6":3,"7":3,"8":1,"9":2,"10":1,"11":1,"12":3,"13":3,"14":3,"15":2,"16":1,"17":1,"18":6,"19":6,"20":6,"21":4,"22":2,"23":2,"24":2,"25":2,"26":5,"27":5,"28":5,"29":2,"30":1,"31":1,"32":3,"33":3,"34":2,"35":1,"36":7,"37":7,"38":7,"39":7,"40":4,"41":2,"42":2,"43":3,"44":3,"45":2,"46":1,"47":0,"48":1,"49":5,"50":5,"51":5,"52":2,"53":1,"54":1,"55":3,"56":3,"57":2,"58":1,"59":5},"f":{"0":7,"1":3,"2":6,"3":5,"4":7,"5":5},"b":{"0":[3,3],"1":[6,5,4,4,3],"2":[1,2],"3":[3,2],"4":[1,1],"5":[2,2],"6":[1,1],"7":[2,1],"8":[3,2],"9":[2,2],"10":[2,1],"11":[3,2],"12":[0,1],"13":[1,1],"14":[1,1],"15":[2,1],"16":[3,2]},"_coverageSchema":"1a1c01bbd47fc00a2c39e90264f33305004495a9","hash":"3d1299b82dfb063fd35a7ff89bf1f06abf4a94dd"}
,"D:\\WorkSpace\\ws_Projetos\\MesaFacil\\MesaFacil\\backend\\src\\modules\\orders\\orders.routes.js": {"path":"D:\\WorkSpace\\ws_Projetos\\MesaFacil\\MesaFacil\\backend\\src\\modules\\orders\\orders.routes.js","statementMap":{"0":{"start":{"line":1,"column":19},"end":{"line":1,"column":37}},"1":{"start":{"line":2,"column":24},"end":{"line":2,"column":54}},"2":{"start":{"line":3,"column":104},"end":{"line":3,"column":143}},"3":{"start":{"line":4,"column":15},"end":{"line":4,"column":23}},"4":{"start":{"line":58,"column":0},"end":{"line":58,"column":82}},"5":{"start":{"line":77,"column":0},"end":{"line":77,"column":47}},"6":{"start":{"line":98,"column":0},"end":{"line":98,"column":67}},"7":{"start":{"line":129,"column":0},"end":{"line":129,"column":101}},"8":{"start":{"line":164,"column":0},"end":{"line":164,"column":122}},"9":{"start":{"line":185,"column":0},"end":{"line":185,"column":69}},"10":{"start":{"line":187,"column":0},"end":{"line":187,"column":24}}},"fnMap":{},"branchMap":{},"s":{"0":5,"1":5,"2":5,"3":5,"4":5,"5":5,"6":5,"7":5,"8":5,"9":5,"10":5},"f":{},"b":{},"_coverageSchema":"1a1c01bbd47fc00a2c39e90264f33305004495a9","hash":"3aaa72b477a49455b04ec4ceb111adc5b38cdc5d"}
,"D:\\WorkSpace\\ws_Projetos\\MesaFacil\\MesaFacil\\backend\\src\\modules\\orders\\orders.service.js": {"path":"D:\\WorkSpace\\ws_Projetos\\MesaFacil\\MesaFacil\\backend\\src\\modules\\orders\\orders.service.js","statementMap":{"0":{"start":{"line":1,"column":15},"end":{"line":1,"column":47}},"1":{"start":{"line":5,"column":37},"end":{"line":5,"column":41}},"2":{"start":{"line":8,"column":4},"end":{"line":10,"column":5}},"3":{"start":{"line":9,"column":6},"end":{"line":9,"column":79}},"4":{"start":{"line":13,"column":4},"end":{"line":23,"column":5}},"5":{"start":{"line":14,"column":6},"end":{"line":16,"column":7}},"6":{"start":{"line":15,"column":8},"end":{"line":15,"column":69}},"7":{"start":{"line":17,"column":6},"end":{"line":19,"column":7}},"8":{"start":{"line":18,"column":8},"end":{"line":18,"column":89}},"9":{"start":{"line":20,"column":6},"end":{"line":22,"column":7}},"10":{"start":{"line":21,"column":8},"end":{"line":21,"column":67}},"11":{"start":{"line":26,"column":20},"end":{"line":26,"column":50}},"12":{"start":{"line":26,"column":38},"end":{"line":26,"column":49}},"13":{"start":{"line":27,"column":26},"end":{"line":27,"column":47}},"14":{"start":{"line":29,"column":19},"end":{"line":34,"column":6}},"15":{"start":{"line":36,"column":4},"end":{"line":40,"column":5}},"16":{"start":{"line":37,"column":23},"end":{"line":37,"column":50}},"17":{"start":{"line":37,"column":42},"end":{"line":37,"column":49}},"18":{"start":{"line":38,"column":25},"end":{"line":38,"column":75}},"19":{"start":{"line":38,"column":52},"end":{"line":38,"column":74}},"20":{"start":{"line":39,"column":6},"end":{"line":39,"column":86}},"21":{"start":{"line":43,"column":21},"end":{"line":43,"column":22}},"22":{"start":{"line":44,"column":23},"end":{"line":59,"column":6}},"23":{"start":{"line":45,"column":19},"end":{"line":45,"column":57}},"24":{"start":{"line":45,"column":36},"end":{"line":45,"column":56}},"25":{"start":{"line":46,"column":6},"end":{"line":48,"column":7}},"26":{"start":{"line":47,"column":8},"end":{"line":47,"column":70}},"27":{"start":{"line":50,"column":23},"end":{"line":50,"column":49}},"28":{"start":{"line":51,"column":6},"end":{"line":51,"column":29}},"29":{"start":{"line":53,"column":6},"end":{"line":58,"column":8}},"30":{"start":{"line":62,"column":4},"end":{"line":64,"column":5}},"31":{"start":{"line":63,"column":6},"end":{"line":63,"column":73}},"32":{"start":{"line":66,"column":4},"end":{"line":119,"column":5}},"33":{"start":{"line":68,"column":20},"end":{"line":108,"column":8}},"34":{"start":{"line":69,"column":25},"end":{"line":75,"column":10}},"35":{"start":{"line":78,"column":8},"end":{"line":86,"column":11}},"36":{"start":{"line":79,"column":40},"end":{"line":85,"column":11}},"37":{"start":{"line":89,"column":8},"end":{"line":107,"column":11}},"38":{"start":{"line":110,"column":6},"end":{"line":110,"column":19}},"39":{"start":{"line":112,"column":6},"end":{"line":114,"column":7}},"40":{"start":{"line":113,"column":8},"end":{"line":113,"column":55}},"41":{"start":{"line":115,"column":6},"end":{"line":117,"column":7}},"42":{"start":{"line":116,"column":8},"end":{"line":116,"column":68}},"43":{"start":{"line":118,"column":6},"end":{"line":118,"column":64}},"44":{"start":{"line":123,"column":18},"end":{"line":123,"column":42}},"45":{"start":{"line":125,"column":4},"end":{"line":144,"column":7}},"46":{"start":{"line":148,"column":4},"end":{"line":164,"column":7}},"47":{"start":{"line":168,"column":22},"end":{"line":168,"column":26}},"48":{"start":{"line":171,"column":26},"end":{"line":173,"column":6}},"49":{"start":{"line":175,"column":4},"end":{"line":177,"column":5}},"50":{"start":{"line":176,"column":6},"end":{"line":176,"column":47}},"51":{"start":{"line":180,"column":25},"end":{"line":197,"column":6}},"52":{"start":{"line":199,"column":4},"end":{"line":199,"column":24}},"53":{"start":{"line":203,"column":26},"end":{"line":203,"column":73}},"54":{"start":{"line":205,"column":4},"end":{"line":207,"column":5}},"55":{"start":{"line":206,"column":6},"end":{"line":206,"column":87}},"56":{"start":{"line":210,"column":26},"end":{"line":212,"column":6}},"57":{"start":{"line":214,"column":4},"end":{"line":216,"column":5}},"58":{"start":{"line":215,"column":6},"end":{"line":215,"column":47}},"59":{"start":{"line":218,"column":25},"end":{"line":235,"column":6}},"60":{"start":{"line":237,"column":4},"end":{"line":237,"column":24}},"61":{"start":{"line":242,"column":26},"end":{"line":244,"column":6}},"62":{"start":{"line":246,"column":4},"end":{"line":248,"column":5}},"63":{"start":{"line":247,"column":6},"end":{"line":247,"column":47}},"64":{"start":{"line":251,"column":4},"end":{"line":259,"column":7}},"65":{"start":{"line":252,"column":6},"end":{"line":254,"column":9}},"66":{"start":{"line":256,"column":6},"end":{"line":258,"column":9}},"67":{"start":{"line":261,"column":4},"end":{"line":261,"column":16}},"68":{"start":{"line":265,"column":0},"end":{"line":265,"column":36}}},"fnMap":{"0":{"name":"(anonymous_0)","decl":{"start":{"line":4,"column":2},"end":{"line":4,"column":3}},"loc":{"start":{"line":4,"column":21},"end":{"line":120,"column":3}},"line":4},"1":{"name":"(anonymous_1)","decl":{"start":{"line":26,"column":30},"end":{"line":26,"column":31}},"loc":{"start":{"line":26,"column":38},"end":{"line":26,"column":49}},"line":26},"2":{"name":"(anonymous_2)","decl":{"start":{"line":37,"column":34},"end":{"line":37,"column":35}},"loc":{"start":{"line":37,"column":42},"end":{"line":37,"column":49}},"line":37},"3":{"name":"(anonymous_3)","decl":{"start":{"line":38,"column":46},"end":{"line":38,"column":47}},"loc":{"start":{"line":38,"column":52},"end":{"line":38,"column":74}},"line":38},"4":{"name":"(anonymous_4)","decl":{"start":{"line":44,"column":33},"end":{"line":44,"column":34}},"loc":{"start":{"line":44,"column":41},"end":{"line":59,"column":5}},"line":44},"5":{"name":"(anonymous_5)","decl":{"start":{"line":45,"column":31},"end":{"line":45,"column":32}},"loc":{"start":{"line":45,"column":36},"end":{"line":45,"column":56}},"line":45},"6":{"name":"(anonymous_6)","decl":{"start":{"line":68,"column":46},"end":{"line":68,"column":47}},"loc":{"start":{"line":68,"column":60},"end":{"line":108,"column":7}},"line":68},"7":{"name":"(anonymous_7)","decl":{"start":{"line":79,"column":31},"end":{"line":79,"column":32}},"loc":{"start":{"line":79,"column":40},"end":{"line":85,"column":11}},"line":79},"8":{"name":"(anonymous_8)","decl":{"start":{"line":122,"column":2},"end":{"line":122,"column":3}},"loc":{"start":{"line":122,"column":24},"end":{"line":145,"column":3}},"line":122},"9":{"name":"(anonymous_9)","decl":{"start":{"line":147,"column":2},"end":{"line":147,"column":3}},"loc":{"start":{"line":147,"column":20},"end":{"line":165,"column":3}},"line":147},"10":{"name":"(anonymous_10)","decl":{"start":{"line":167,"column":2},"end":{"line":167,"column":3}},"loc":{"start":{"line":167,"column":25},"end":{"line":200,"column":3}},"line":167},"11":{"name":"(anonymous_11)","decl":{"start":{"line":202,"column":2},"end":{"line":202,"column":3}},"loc":{"start":{"line":202,"column":33},"end":{"line":238,"column":3}},"line":202},"12":{"name":"(anonymous_12)","decl":{"start":{"line":240,"column":2},"end":{"line":240,"column":3}},"loc":{"start":{"line":240,"column":19},"end":{"line":262,"column":3}},"line":240},"13":{"name":"(anonymous_13)","decl":{"start":{"line":251,"column":30},"end":{"line":251,"column":31}},"loc":{"start":{"line":251,"column":44},"end":{"line":259,"column":5}},"line":251}},"branchMap":{"0":{"loc":{"start":{"line":8,"column":4},"end":{"line":10,"column":5}},"type":"if","locations":[{"start":{"line":8,"column":4},"end":{"line":10,"column":5}},{"start":{},"end":{}}],"line":8},"1":{"loc":{"start":{"line":8,"column":8},"end":{"line":8,"column":61}},"type":"binary-expr","locations":[{"start":{"line":8,"column":8},"end":{"line":8,"column":14}},{"start":{"line":8,"column":18},"end":{"line":8,"column":39}},{"start":{"line":8,"column":43},"end":{"line":8,"column":61}}],"line":8},"2":{"loc":{"start":{"line":14,"column":6},"end":{"line":16,"column":7}},"type":"if","locations":[{"start":{"line":14,"column":6},"end":{"line":16,"column":7}},{"start":{},"end":{}}],"line":14},"3":{"loc":{"start":{"line":14,"column":10},"end":{"line":14,"column":57}},"type":"binary-expr","locations":[{"start":{"line":14,"column":10},"end":{"line":14,"column":22}},{"start":{"line":14,"column":26},"end":{"line":14,"column":57}}],"line":14},"4":{"loc":{"start":{"line":17,"column":6},"end":{"line":19,"column":7}},"type":"if","locations":[{"start":{"line":17,"column":6},"end":{"line":19,"column":7}},{"start":{},"end":{}}],"line":17},"5":{"loc":{"start":{"line":17,"column":10},"end":{"line":17,"column":83}},"type":"binary-expr","locations":[{"start":{"line":17,"column":10},"end":{"line":17,"column":24}},{"start":{"line":17,"column":28},"end":{"line":17,"column":61}},{"start":{"line":17,"column":65},"end":{"line":17,"column":83}}],"line":17},"6":{"loc":{"start":{"line":20,"column":6},"end":{"line":22,"column":7}},"type":"if","locations":[{"start":{"line":20,"column":6},"end":{"line":22,"column":7}},{"start":{},"end":{}}],"line":20},"7":{"loc":{"start":{"line":36,"column":4},"end":{"line":40,"column":5}},"type":"if","locations":[{"start":{"line":36,"column":4},"end":{"line":40,"column":5}},{"start":{},"end":{}}],"line":36},"8":{"loc":{"start":{"line":46,"column":6},"end":{"line":48,"column":7}},"type":"if","locations":[{"start":{"line":46,"column":6},"end":{"line":48,"column":7}},{"start":{},"end":{}}],"line":46},"9":{"loc":{"start":{"line":62,"column":4},"end":{"line":64,"column":5}},"type":"if","locations":[{"start":{"line":62,"column":4},"end":{"line":64,"column":5}},{"start":{},"end":{}}],"line":62},"10":{"loc":{"start":{"line":72,"column":20},"end":{"line":72,"column":40}},"type":"binary-expr","locations":[{"start":{"line":72,"column":20},"end":{"line":72,"column":26}},{"start":{"line":72,"column":30},"end":{"line":72,"column":40}}],"line":72},"11":{"loc":{"start":{"line":73,"column":19},"end":{"line":73,"column":32}},"type":"binary-expr","locations":[{"start":{"line":73,"column":19},"end":{"line":73,"column":24}},{"start":{"line":73,"column":28},"end":{"line":73,"column":32}}],"line":73},"12":{"loc":{"start":{"line":112,"column":6},"end":{"line":114,"column":7}},"type":"if","locations":[{"start":{"line":112,"column":6},"end":{"line":114,"column":7}},{"start":{},"end":{}}],"line":112},"13":{"loc":{"start":{"line":115,"column":6},"end":{"line":117,"column":7}},"type":"if","locations":[{"start":{"line":115,"column":6},"end":{"line":117,"column":7}},{"start":{},"end":{}}],"line":115},"14":{"loc":{"start":{"line":123,"column":18},"end":{"line":123,"column":42}},"type":"cond-expr","locations":[{"start":{"line":123,"column":27},"end":{"line":123,"column":37}},{"start":{"line":123,"column":40},"end":{"line":123,"column":42}}],"line":123},"15":{"loc":{"start":{"line":175,"column":4},"end":{"line":177,"column":5}},"type":"if","locations":[{"start":{"line":175,"column":4},"end":{"line":177,"column":5}},{"start":{},"end":{}}],"line":175},"16":{"loc":{"start":{"line":205,"column":4},"end":{"line":207,"column":5}},"type":"if","locations":[{"start":{"line":205,"column":4},"end":{"line":207,"column":5}},{"start":{},"end":{}}],"line":205},"17":{"loc":{"start":{"line":214,"column":4},"end":{"line":216,"column":5}},"type":"if","locations":[{"start":{"line":214,"column":4},"end":{"line":216,"column":5}},{"start":{},"end":{}}],"line":214},"18":{"loc":{"start":{"line":246,"column":4},"end":{"line":248,"column":5}},"type":"if","locations":[{"start":{"line":246,"column":4},"end":{"line":248,"column":5}},{"start":{},"end":{}}],"line":246}},"s":{"0":7,"1":17,"2":17,"3":4,"4":13,"5":16,"6":2,"7":14,"8":4,"9":10,"10":1,"11":6,"12":9,"13":6,"14":6,"15":6,"16":3,"17":1,"18":3,"19":4,"20":3,"21":3,"22":3,"23":5,"24":6,"25":5,"26":0,"27":5,"28":5,"29":5,"30":3,"31":0,"32":3,"33":3,"34":3,"35":3,"36":5,"37":3,"38":3,"39":0,"40":0,"41":0,"42":0,"43":0,"44":4,"45":4,"46":4,"47":2,"48":2,"49":2,"50":2,"51":0,"52":0,"53":4,"54":4,"55":0,"56":4,"57":4,"58":3,"59":1,"60":1,"61":5,"62":5,"63":4,"64":1,"65":1,"66":1,"67":1,"68":7},"f":{"0":17,"1":9,"2":1,"3":4,"4":5,"5":6,"6":3,"7":5,"8":4,"9":4,"10":2,"11":4,"12":5,"13":1},"b":{"0":[4,13],"1":[17,15,14],"2":[2,14],"3":[16,15],"4":[4,10],"5":[14,12,11],"6":[1,9],"7":[3,3],"8":[0,5],"9":[0,3],"10":[3,3],"11":[3,2],"12":[0,0],"13":[0,0],"14":[2,2],"15":[2,0],"16":[0,4],"17":[3,1],"18":[4,1]},"_coverageSchema":"1a1c01bbd47fc00a2c39e90264f33305004495a9","hash":"2c306bdbcc9708a3af93f6c4ff4feb970837214d"}
,"D:\\WorkSpace\\ws_Projetos\\MesaFacil\\MesaFacil\\backend\\src\\routes\\index.js": {"path":"D:\\WorkSpace\\ws_Projetos\\MesaFacil\\MesaFacil\\backend\\src\\routes\\index.js","statementMap":{"0":{"start":{"line":1,"column":19},"end":{"line":1,"column":37}},"1":{"start":{"line":2,"column":21},"end":{"line":2,"column":63}},"2":{"start":{"line":3,"column":21},"end":{"line":3,"column":63}},"3":{"start":{"line":5,"column":15},"end":{"line":5,"column":23}},"4":{"start":{"line":7,"column":0},"end":{"line":7,"column":33}},"5":{"start":{"line":8,"column":0},"end":{"line":8,"column":33}},"6":{"start":{"line":10,"column":0},"end":{"line":10,"column":24}}},"fnMap":{},"branchMap":{},"s":{"0":5,"1":5,"2":5,"3":5,"4":5,"5":5,"6":5},"f":{},"b":{},"_coverageSchema":"1a1c01bbd47fc00a2c39e90264f33305004495a9","hash":"2a5d4767ef1a785f5d08b72e7ebda3f5e9ee17f9"}
}
