TN:
SF:src\app.js
FN:35,(anonymous_0)
FNF:1
FNH:0
FNDA:0,(anonymous_0)
DA:1,5
DA:2,5
DA:3,5
DA:4,5
DA:5,5
DA:6,5
DA:7,5
DA:9,5
DA:11,5
DA:12,5
DA:13,5
DA:14,5
DA:17,5
DA:29,5
DA:30,5
DA:32,5
DA:35,5
DA:36,0
DA:39,0
DA:42,0
DA:47,5
LF:21
LH:18
BRDA:39,0,0,0
BRDA:39,0,1,0
BRDA:39,0,2,0
BRDA:43,1,0,0
BRDA:43,1,1,0
BRF:5
BRH:0
end_of_record
TN:
SF:src\middlewares\dishValidation.js
FN:36,(anonymous_0)
FN:85,(anonymous_1)
FN:105,(anonymous_2)
FN:109,(anonymous_3)
FNF:4
FNH:3
FNDA:17,(anonymous_0)
FNDA:0,(anonymous_1)
FNDA:69,(anonymous_2)
FNDA:28,(anonymous_3)
DA:1,6
DA:4,6
DA:37,17
DA:38,2
DA:41,15
DA:42,15
DA:49,6
DA:86,0
DA:87,0
DA:90,0
DA:91,0
DA:98,6
DA:105,6
DA:106,69
DA:108,69
DA:109,28
DA:115,19
DA:121,50
DA:124,6
LF:19
LH:15
BRDA:37,0,0,2
BRDA:37,0,1,15
BRDA:37,1,0,17
BRDA:37,1,1,16
BRDA:37,1,2,15
BRDA:86,2,0,0
BRDA:86,2,1,0
BRDA:86,3,0,0
BRDA:86,3,1,0
BRDA:86,3,2,0
BRDA:108,4,0,19
BRDA:108,4,1,50
BRF:12
BRH:7
end_of_record
TN:
SF:src\middlewares\validation.js
FN:9,(anonymous_0)
FN:21,(anonymous_1)
FN:47,(anonymous_2)
FN:52,(anonymous_3)
FN:53,(anonymous_4)
FN:62,(anonymous_5)
FN:74,(anonymous_6)
FN:75,(anonymous_7)
FN:85,(anonymous_8)
FNF:9
FNH:6
FNDA:0,(anonymous_0)
FNDA:0,(anonymous_1)
FNDA:0,(anonymous_2)
FNDA:18,(anonymous_3)
FNDA:27,(anonymous_4)
FNDA:8,(anonymous_5)
FNDA:24,(anonymous_6)
FNDA:33,(anonymous_7)
FNDA:6,(anonymous_8)
DA:1,6
DA:4,6
DA:9,0
DA:15,6
DA:18,6
DA:21,0
DA:33,6
DA:45,6
DA:47,0
DA:52,6
DA:53,18
DA:54,27
DA:55,27
DA:56,20
DA:57,20
DA:59,7
DA:60,6
DA:62,8
DA:68,1
DA:74,6
DA:75,24
DA:76,33
DA:78,33
DA:79,33
DA:80,27
DA:82,6
DA:83,6
DA:85,6
DA:91,0
DA:96,6
LF:30
LH:26
BRDA:59,0,0,6
BRDA:59,0,1,1
BRDA:62,1,0,6
BRDA:62,1,1,0
BRDA:74,2,0,21
BRDA:82,3,0,6
BRDA:82,3,1,0
BRDA:85,4,0,6
BRDA:85,4,1,0
BRF:9
BRH:6
end_of_record
TN:
SF:src\modules\dishes\dishes.controller.js
FN:4,(anonymous_0)
FN:33,(anonymous_1)
FN:47,(anonymous_2)
FN:71,(anonymous_3)
FN:109,(anonymous_4)
FNF:5
FNH:5
FNDA:11,(anonymous_0)
FNDA:5,(anonymous_1)
FNDA:6,(anonymous_2)
FNDA:14,(anonymous_3)
FNDA:11,(anonymous_4)
DA:1,5
DA:5,11
DA:6,11
DA:7,2
DA:9,9
DA:11,9
DA:12,4
DA:18,5
DA:19,4
DA:25,1
DA:34,5
DA:35,5
DA:36,3
DA:38,2
DA:39,2
DA:48,6
DA:49,6
DA:50,6
DA:52,4
DA:53,2
DA:60,2
DA:62,2
DA:63,2
DA:72,14
DA:73,14
DA:74,14
DA:76,2
DA:78,12
DA:80,12
DA:81,3
DA:87,9
DA:88,3
DA:94,6
DA:95,4
DA:101,2
DA:110,11
DA:111,11
DA:112,11
DA:114,2
DA:116,9
DA:118,9
DA:119,3
DA:125,6
DA:126,4
DA:132,2
DA:141,5
LF:46
LH:46
BRDA:11,0,0,4
BRDA:11,0,1,5
BRDA:11,1,0,9
BRDA:11,1,1,8
BRDA:11,1,2,7
BRDA:18,2,0,4
BRDA:18,2,1,1
BRDA:18,3,0,5
BRDA:18,3,1,4
BRDA:18,3,2,1
BRDA:52,4,0,2
BRDA:52,4,1,2
BRDA:80,5,0,3
BRDA:80,5,1,9
BRDA:80,6,0,12
BRDA:80,6,1,11
BRDA:87,7,0,3
BRDA:87,7,1,6
BRDA:87,8,0,9
BRDA:87,8,1,8
BRDA:94,9,0,4
BRDA:94,9,1,2
BRDA:94,10,0,6
BRDA:94,10,1,5
BRDA:94,10,2,2
BRDA:118,11,0,3
BRDA:118,11,1,6
BRDA:118,12,0,9
BRDA:118,12,1,8
BRDA:125,13,0,4
BRDA:125,13,1,2
BRDA:125,14,0,6
BRDA:125,14,1,5
BRDA:125,14,2,3
BRF:34
BRH:34
end_of_record
TN:
SF:src\modules\dishes\dishes.routes.js
FNF:0
FNH:0
DA:1,5
DA:2,5
DA:8,5
DA:9,5
DA:65,5
DA:77,5
DA:100,5
DA:131,5
DA:154,5
DA:156,5
LF:10
LH:10
BRF:0
BRH:0
end_of_record
TN:
SF:src\modules\dishes\dishes.service.js
FN:5,(anonymous_0)
FN:73,(anonymous_1)
FN:119,(anonymous_2)
FN:127,(anonymous_3)
FN:135,(anonymous_4)
FN:204,(anonymous_5)
FNF:6
FNH:6
FNDA:14,(anonymous_0)
FNDA:11,(anonymous_1)
FNDA:2,(anonymous_2)
FNDA:2,(anonymous_3)
FNDA:3,(anonymous_4)
FNDA:3,(anonymous_5)
DA:1,6
DA:6,14
DA:9,14
DA:10,14
DA:11,1
DA:12,13
DA:13,1
DA:14,12
DA:15,1
DA:20,14
DA:21,14
DA:22,0
DA:23,14
DA:24,1
DA:25,13
DA:26,0
DA:31,14
DA:32,14
DA:33,0
DA:34,14
DA:35,0
DA:36,14
DA:37,1
DA:38,13
DA:39,0
DA:44,14
DA:45,14
DA:46,11
DA:47,1
DA:52,14
DA:53,0
DA:57,14
DA:58,10
DA:59,0
DA:60,10
DA:61,10
DA:62,10
DA:63,1
DA:68,14
DA:69,7
DA:75,11
DA:77,4
DA:80,4
DA:81,4
DA:82,4
DA:85,4
DA:94,4
DA:95,1
DA:98,3
DA:99,3
DA:110,3
DA:112,0
DA:113,0
DA:115,0
DA:120,2
DA:128,2
DA:137,3
DA:138,0
DA:142,3
DA:144,3
DA:147,3
DA:151,3
DA:152,1
DA:156,2
DA:157,2
DA:158,2
DA:161,2
DA:162,2
DA:172,2
DA:173,1
DA:177,1
DA:179,1
DA:180,1
DA:181,1
DA:182,1
DA:183,1
DA:184,1
DA:185,1
DA:187,1
DA:192,1
DA:194,0
DA:195,0
DA:197,0
DA:198,0
DA:200,0
DA:206,3
DA:207,0
DA:210,3
DA:212,3
DA:216,3
DA:217,1
DA:221,2
DA:225,2
DA:226,1
DA:229,1
DA:233,1
DA:235,2
DA:236,0
DA:238,2
DA:239,1
DA:241,1
DA:246,6
LF:102
LH:84
BRDA:5,0,0,11
BRDA:9,1,0,14
BRDA:9,1,1,0
BRDA:9,2,0,14
BRDA:9,2,1,3
BRDA:10,3,0,1
BRDA:10,3,1,13
BRDA:10,4,0,14
BRDA:10,4,1,13
BRDA:10,4,2,13
BRDA:12,5,0,1
BRDA:12,5,1,12
BRDA:14,6,0,1
BRDA:14,6,1,11
BRDA:20,7,0,14
BRDA:20,7,1,0
BRDA:20,8,0,14
BRDA:20,8,1,3
BRDA:21,9,0,0
BRDA:21,9,1,14
BRDA:21,10,0,14
BRDA:21,10,1,14
BRDA:21,10,2,14
BRDA:23,11,0,1
BRDA:23,11,1,13
BRDA:25,12,0,0
BRDA:25,12,1,13
BRDA:31,13,0,14
BRDA:31,13,1,0
BRDA:31,14,0,14
BRDA:31,14,1,3
BRDA:32,15,0,0
BRDA:32,15,1,14
BRDA:32,16,0,14
BRDA:32,16,1,14
BRDA:34,17,0,0
BRDA:34,17,1,14
BRDA:34,18,0,14
BRDA:34,18,1,14
BRDA:36,19,0,1
BRDA:36,19,1,13
BRDA:38,20,0,0
BRDA:38,20,1,13
BRDA:45,21,0,11
BRDA:45,21,1,3
BRDA:45,22,0,14
BRDA:45,22,1,3
BRDA:46,23,0,1
BRDA:46,23,1,10
BRDA:46,24,0,11
BRDA:46,24,1,11
BRDA:52,25,0,0
BRDA:52,25,1,14
BRDA:52,26,0,14
BRDA:52,26,1,9
BRDA:57,27,0,10
BRDA:57,27,1,4
BRDA:57,28,0,14
BRDA:57,28,1,10
BRDA:58,29,0,0
BRDA:58,29,1,10
BRDA:60,30,0,10
BRDA:60,30,1,0
BRDA:62,31,0,1
BRDA:62,31,1,9
BRDA:68,32,0,7
BRDA:68,32,1,7
BRDA:77,33,0,2
BRDA:82,34,0,3
BRDA:82,34,1,1
BRDA:94,35,0,1
BRDA:94,35,1,3
BRDA:112,36,0,0
BRDA:112,36,1,0
BRDA:137,37,0,0
BRDA:137,37,1,3
BRDA:137,38,0,3
BRDA:137,38,1,3
BRDA:151,39,0,1
BRDA:151,39,1,2
BRDA:156,40,0,2
BRDA:156,40,1,0
BRDA:157,41,0,2
BRDA:157,41,1,0
BRDA:158,42,0,0
BRDA:158,42,1,2
BRDA:158,43,0,0
BRDA:158,43,1,0
BRDA:161,44,0,2
BRDA:161,44,1,0
BRDA:161,45,0,2
BRDA:161,45,1,2
BRDA:172,46,0,1
BRDA:172,46,1,1
BRDA:180,47,0,1
BRDA:180,47,1,0
BRDA:181,48,0,1
BRDA:181,48,1,0
BRDA:182,49,0,1
BRDA:182,49,1,0
BRDA:183,50,0,0
BRDA:183,50,1,1
BRDA:184,51,0,0
BRDA:184,51,1,1
BRDA:185,52,0,0
BRDA:185,52,1,1
BRDA:194,53,0,0
BRDA:194,53,1,0
BRDA:197,54,0,0
BRDA:197,54,1,0
BRDA:206,55,0,0
BRDA:206,55,1,3
BRDA:206,56,0,3
BRDA:206,56,1,3
BRDA:216,57,0,1
BRDA:216,57,1,2
BRDA:225,58,0,1
BRDA:225,58,1,1
BRDA:235,59,0,0
BRDA:235,59,1,2
BRDA:238,60,0,1
BRDA:238,60,1,1
BRF:122
BRH:90
end_of_record
TN:
SF:src\modules\orders\orders.controller.js
FN:4,(anonymous_0)
FN:56,(anonymous_1)
FN:75,(anonymous_2)
FN:102,(anonymous_3)
FN:139,(anonymous_4)
FN:185,(anonymous_5)
FNF:6
FNH:6
FNDA:7,(anonymous_0)
FNDA:3,(anonymous_1)
FNDA:6,(anonymous_2)
FNDA:5,(anonymous_3)
FNDA:7,(anonymous_4)
FNDA:5,(anonymous_5)
DA:1,5
DA:5,7
DA:6,7
DA:7,1
DA:13,6
DA:16,6
DA:21,3
DA:29,3
DA:31,1
DA:39,2
DA:40,1
DA:48,1
DA:57,3
DA:58,3
DA:59,3
DA:60,2
DA:66,1
DA:67,1
DA:76,6
DA:77,6
DA:78,6
DA:80,4
DA:81,2
DA:88,2
DA:93,2
DA:94,2
DA:103,5
DA:104,5
DA:105,5
DA:107,2
DA:108,1
DA:115,1
DA:121,3
DA:123,3
DA:124,2
DA:131,1
DA:140,7
DA:141,7
DA:142,7
DA:143,7
DA:145,4
DA:146,2
DA:153,2
DA:159,3
DA:161,3
DA:162,2
DA:169,1
DA:170,0
DA:177,1
DA:186,5
DA:187,5
DA:188,5
DA:190,2
DA:191,1
DA:198,1
DA:203,3
DA:205,3
DA:206,2
DA:213,1
DA:222,5
LF:60
LH:59
BRDA:16,0,0,3
BRDA:16,0,1,3
BRDA:16,1,0,6
BRDA:16,1,1,5
BRDA:16,1,2,4
BRDA:16,1,3,4
BRDA:16,1,4,3
BRDA:29,2,0,1
BRDA:29,2,1,2
BRDA:29,3,0,3
BRDA:29,3,1,2
BRDA:39,4,0,1
BRDA:39,4,1,1
BRDA:80,5,0,2
BRDA:80,5,1,2
BRDA:107,6,0,1
BRDA:107,6,1,1
BRDA:123,7,0,2
BRDA:123,7,1,1
BRDA:123,8,0,3
BRDA:123,8,1,2
BRDA:145,9,0,2
BRDA:145,9,1,2
BRDA:161,10,0,2
BRDA:161,10,1,1
BRDA:161,11,0,3
BRDA:161,11,1,2
BRDA:169,12,0,0
BRDA:169,12,1,1
BRDA:169,13,0,1
BRDA:169,13,1,1
BRDA:190,14,0,1
BRDA:190,14,1,1
BRDA:205,15,0,2
BRDA:205,15,1,1
BRDA:205,16,0,3
BRDA:205,16,1,2
BRF:37
BRH:36
end_of_record
TN:
SF:src\modules\orders\orders.routes.js
FNF:0
FNH:0
DA:1,5
DA:2,5
DA:3,5
DA:4,5
DA:58,5
DA:77,5
DA:98,5
DA:129,5
DA:164,5
DA:185,5
DA:187,5
LF:11
LH:11
BRF:0
BRH:0
end_of_record
TN:
SF:src\modules\orders\orders.service.js
FN:4,(anonymous_0)
FN:26,(anonymous_1)
FN:37,(anonymous_2)
FN:38,(anonymous_3)
FN:44,(anonymous_4)
FN:45,(anonymous_5)
FN:68,(anonymous_6)
FN:79,(anonymous_7)
FN:122,(anonymous_8)
FN:147,(anonymous_9)
FN:167,(anonymous_10)
FN:202,(anonymous_11)
FN:240,(anonymous_12)
FN:251,(anonymous_13)
FNF:14
FNH:14
FNDA:17,(anonymous_0)
FNDA:9,(anonymous_1)
FNDA:1,(anonymous_2)
FNDA:4,(anonymous_3)
FNDA:5,(anonymous_4)
FNDA:6,(anonymous_5)
FNDA:3,(anonymous_6)
FNDA:5,(anonymous_7)
FNDA:4,(anonymous_8)
FNDA:4,(anonymous_9)
FNDA:2,(anonymous_10)
FNDA:4,(anonymous_11)
FNDA:5,(anonymous_12)
FNDA:1,(anonymous_13)
DA:1,7
DA:5,17
DA:8,17
DA:9,4
DA:13,13
DA:14,16
DA:15,2
DA:17,14
DA:18,4
DA:20,10
DA:21,1
DA:26,9
DA:27,6
DA:29,6
DA:36,6
DA:37,3
DA:38,4
DA:39,3
DA:43,3
DA:44,3
DA:45,6
DA:46,5
DA:47,0
DA:50,5
DA:51,5
DA:53,5
DA:62,3
DA:63,0
DA:66,3
DA:68,3
DA:69,3
DA:78,3
DA:79,5
DA:89,3
DA:110,3
DA:112,0
DA:113,0
DA:115,0
DA:116,0
DA:118,0
DA:123,4
DA:125,4
DA:148,4
DA:168,2
DA:171,2
DA:175,2
DA:176,2
DA:180,0
DA:199,0
DA:203,4
DA:205,4
DA:206,0
DA:210,4
DA:214,4
DA:215,3
DA:218,1
DA:237,1
DA:242,5
DA:246,5
DA:247,4
DA:251,1
DA:252,1
DA:256,1
DA:261,1
DA:265,7
LF:65
LH:55
BRDA:8,0,0,4
BRDA:8,0,1,13
BRDA:8,1,0,17
BRDA:8,1,1,15
BRDA:8,1,2,14
BRDA:14,2,0,2
BRDA:14,2,1,14
BRDA:14,3,0,16
BRDA:14,3,1,15
BRDA:17,4,0,4
BRDA:17,4,1,10
BRDA:17,5,0,14
BRDA:17,5,1,12
BRDA:17,5,2,11
BRDA:20,6,0,1
BRDA:20,6,1,9
BRDA:36,7,0,3
BRDA:36,7,1,3
BRDA:46,8,0,0
BRDA:46,8,1,5
BRDA:62,9,0,0
BRDA:62,9,1,3
BRDA:72,10,0,3
BRDA:72,10,1,3
BRDA:73,11,0,3
BRDA:73,11,1,2
BRDA:112,12,0,0
BRDA:112,12,1,0
BRDA:115,13,0,0
BRDA:115,13,1,0
BRDA:123,14,0,2
BRDA:123,14,1,2
BRDA:175,15,0,2
BRDA:175,15,1,0
BRDA:205,16,0,0
BRDA:205,16,1,4
BRDA:214,17,0,3
BRDA:214,17,1,1
BRDA:246,18,0,4
BRDA:246,18,1,1
BRF:40
BRH:32
end_of_record
TN:
SF:src\routes\index.js
FNF:0
FNH:0
DA:1,5
DA:2,5
DA:3,5
DA:5,5
DA:7,5
DA:8,5
DA:10,5
LF:7
LH:7
BRF:0
BRH:0
end_of_record
